<?xml version="1.0" encoding="UTF-8" standalone="yes"?>
<unit xmlns="http://www.srcML.org/srcML/src" xmlns:cpp="http://www.srcML.org/srcML/cpp" revision="1.0.0" language="C" filename="D:\Pesquisa\Projects\git-analysis\_cppstats\git\t\helper\test-dump-fsmonitor.c"><cpp:include>#<cpp:directive>include</cpp:directive> <cpp:file>"test-tool.h"</cpp:file></cpp:include>

<cpp:include>#<cpp:directive>include</cpp:directive> <cpp:file>"cache.h"</cpp:file></cpp:include>

<function><type><name>int</name></type> <name>cmd__dump_fsmonitor</name><parameter_list>(<parameter><decl><type><name>int</name></type> <name>ac</name></decl></parameter>, <parameter><decl><type><specifier>const</specifier> <name>char</name> <modifier>*</modifier><modifier>*</modifier></type><name>av</name></decl></parameter>)</parameter_list>

<block>{<block_content>

<decl_stmt><decl><type><name><name>struct</name> <name>index_state</name></name> <modifier>*</modifier></type><name>istate</name> <init>= <expr><name><name>the_repository</name><operator>-&gt;</operator><name>index</name></name></expr></init></decl>;</decl_stmt>

<decl_stmt><decl><type><name>int</name></type> <name>i</name></decl>;</decl_stmt>

<expr_stmt><expr><call><name>setup_git_directory</name><argument_list>()</argument_list></call></expr>;</expr_stmt>

<if_stmt><if>if <condition>(<expr><call><name>do_read_index</name><argument_list>(<argument><expr><name>istate</name></expr></argument>, <argument><expr><name><name>the_repository</name><operator>-&gt;</operator><name>index_file</name></name></expr></argument>, <argument><expr><literal type="number">0</literal></expr></argument>)</argument_list></call> <operator>&lt;</operator> <literal type="number">0</literal></expr>)</condition><block type="pseudo"><block_content>

<expr_stmt><expr><call><name>die</name><argument_list>(<argument><expr><literal type="string">"unable to read index file"</literal></expr></argument>)</argument_list></call></expr>;</expr_stmt></block_content></block></if></if_stmt>

<if_stmt><if>if <condition>(<expr><operator>!</operator><name><name>istate</name><operator>-&gt;</operator><name>fsmonitor_last_update</name></name></expr>)</condition> <block>{<block_content>

<expr_stmt><expr><call><name>printf</name><argument_list>(<argument><expr><literal type="string">"no fsmonitor\n"</literal></expr></argument>)</argument_list></call></expr>;</expr_stmt>

<return>return <expr><literal type="number">0</literal></expr>;</return>

</block_content>}</block></if></if_stmt>

<expr_stmt><expr><call><name>printf</name><argument_list>(<argument><expr><literal type="string">"fsmonitor last update %s\n"</literal></expr></argument>, <argument><expr><name><name>istate</name><operator>-&gt;</operator><name>fsmonitor_last_update</name></name></expr></argument>)</argument_list></call></expr>;</expr_stmt>

<for>for <control>(<init><expr><name>i</name> <operator>=</operator> <literal type="number">0</literal></expr>;</init> <condition><expr><name>i</name> <operator>&lt;</operator> <name><name>istate</name><operator>-&gt;</operator><name>cache_nr</name></name></expr>;</condition> <incr><expr><name>i</name><operator>++</operator></expr></incr>)</control><block type="pseudo"><block_content>

<expr_stmt><expr><call><name>printf</name><argument_list>(<argument><expr><ternary><condition><expr><operator>(</operator><name><name>istate</name><operator>-&gt;</operator><name>cache</name><index>[<expr><name>i</name></expr>]</index></name><operator>-&gt;</operator><name>ce_flags</name> <operator>&amp;</operator> <name>CE_FSMONITOR_VALID</name><operator>)</operator></expr> ?</condition><then> <expr><literal type="string">"+"</literal></expr> </then><else>: <expr><literal type="string">"-"</literal></expr></else></ternary></expr></argument>)</argument_list></call></expr>;</expr_stmt></block_content></block></for>

<return>return <expr><literal type="number">0</literal></expr>;</return>

</block_content>}</block></function>

</unit>
