<?xml version="1.0" encoding="UTF-8" standalone="yes"?>
<unit xmlns="http://www.srcML.org/srcML/src" xmlns:cpp="http://www.srcML.org/srcML/cpp" revision="1.0.0" language="C" filename="D:\Pesquisa\Projects\git-analysis\_cppstats\git\t\helper\test-submodule-nested-repo-config.c"><cpp:include>#<cpp:directive>include</cpp:directive> <cpp:file>"test-tool.h"</cpp:file></cpp:include>

<cpp:include>#<cpp:directive>include</cpp:directive> <cpp:file>"submodule-config.h"</cpp:file></cpp:include>

<function><type><specifier>static</specifier> <name>void</name></type> <name>die_usage</name><parameter_list>(<parameter><decl><type><name>int</name></type> <name>argc</name></decl></parameter>, <parameter><decl><type><specifier>const</specifier> <name>char</name> <modifier>*</modifier><modifier>*</modifier></type><name>argv</name></decl></parameter>, <parameter><decl><type><specifier>const</specifier> <name>char</name> <modifier>*</modifier></type><name>msg</name></decl></parameter>)</parameter_list>

<block>{<block_content>

<expr_stmt><expr><call><name>fprintf</name><argument_list>(<argument><expr><name>stderr</name></expr></argument>, <argument><expr><literal type="string">"%s\n"</literal></expr></argument>, <argument><expr><name>msg</name></expr></argument>)</argument_list></call></expr>;</expr_stmt>

<expr_stmt><expr><call><name>fprintf</name><argument_list>(<argument><expr><name>stderr</name></expr></argument>, <argument><expr><literal type="string">"Usage: %s &lt;submodulepath&gt; &lt;config name&gt;\n"</literal></expr></argument>, <argument><expr><name><name>argv</name><index>[<expr><literal type="number">0</literal></expr>]</index></name></expr></argument>)</argument_list></call></expr>;</expr_stmt>

<expr_stmt><expr><call><name>exit</name><argument_list>(<argument><expr><literal type="number">1</literal></expr></argument>)</argument_list></call></expr>;</expr_stmt>

</block_content>}</block></function>

<function><type><name>int</name></type> <name>cmd__submodule_nested_repo_config</name><parameter_list>(<parameter><decl><type><name>int</name></type> <name>argc</name></decl></parameter>, <parameter><decl><type><specifier>const</specifier> <name>char</name> <modifier>*</modifier><modifier>*</modifier></type><name>argv</name></decl></parameter>)</parameter_list>

<block>{<block_content>

<decl_stmt><decl><type><name><name>struct</name> <name>repository</name></name></type> <name>subrepo</name></decl>;</decl_stmt>

<decl_stmt><decl><type><specifier>const</specifier> <name><name>struct</name> <name>submodule</name></name> <modifier>*</modifier></type><name>sub</name></decl>;</decl_stmt>

<if_stmt><if>if <condition>(<expr><name>argc</name> <operator>&lt;</operator> <literal type="number">3</literal></expr>)</condition><block type="pseudo"><block_content>

<expr_stmt><expr><call><name>die_usage</name><argument_list>(<argument><expr><name>argc</name></expr></argument>, <argument><expr><name>argv</name></expr></argument>, <argument><expr><literal type="string">"Wrong number of arguments."</literal></expr></argument>)</argument_list></call></expr>;</expr_stmt></block_content></block></if></if_stmt>

<expr_stmt><expr><call><name>setup_git_directory</name><argument_list>()</argument_list></call></expr>;</expr_stmt>

<expr_stmt><expr><name>sub</name> <operator>=</operator> <call><name>submodule_from_path</name><argument_list>(<argument><expr><name>the_repository</name></expr></argument>, <argument><expr><operator>&amp;</operator><name>null_oid</name></expr></argument>, <argument><expr><name><name>argv</name><index>[<expr><literal type="number">1</literal></expr>]</index></name></expr></argument>)</argument_list></call></expr>;</expr_stmt>

<if_stmt><if>if <condition>(<expr><call><name>repo_submodule_init</name><argument_list>(<argument><expr><operator>&amp;</operator><name>subrepo</name></expr></argument>, <argument><expr><name>the_repository</name></expr></argument>, <argument><expr><name>sub</name></expr></argument>)</argument_list></call></expr>)</condition> <block>{<block_content>

<expr_stmt><expr><call><name>die_usage</name><argument_list>(<argument><expr><name>argc</name></expr></argument>, <argument><expr><name>argv</name></expr></argument>, <argument><expr><literal type="string">"Submodule not found."</literal></expr></argument>)</argument_list></call></expr>;</expr_stmt>

</block_content>}</block></if></if_stmt>

<expr_stmt><expr><call><name>print_config_from_gitmodules</name><argument_list>(<argument><expr><operator>&amp;</operator><name>subrepo</name></expr></argument>, <argument><expr><name><name>argv</name><index>[<expr><literal type="number">2</literal></expr>]</index></name></expr></argument>)</argument_list></call></expr>;</expr_stmt>

<expr_stmt><expr><call><name>submodule_free</name><argument_list>(<argument><expr><name>the_repository</name></expr></argument>)</argument_list></call></expr>;</expr_stmt>

<return>return <expr><literal type="number">0</literal></expr>;</return>

</block_content>}</block></function>

</unit>
