<?xml version="1.0" encoding="UTF-8" standalone="yes"?>
<unit xmlns="http://www.srcML.org/srcML/src" xmlns:cpp="http://www.srcML.org/srcML/cpp" revision="1.0.0" language="C" filename="D:\Pesquisa\Projects\git-analysis\_cppstats\git\t\helper\test-mktemp.c"><cpp:include>#<cpp:directive>include</cpp:directive> <cpp:file>"test-tool.h"</cpp:file></cpp:include>

<cpp:include>#<cpp:directive>include</cpp:directive> <cpp:file>"git-compat-util.h"</cpp:file></cpp:include>

<function><type><name>int</name></type> <name>cmd__mktemp</name><parameter_list>(<parameter><decl><type><name>int</name></type> <name>argc</name></decl></parameter>, <parameter><decl><type><specifier>const</specifier> <name>char</name> <modifier>*</modifier><modifier>*</modifier></type><name>argv</name></decl></parameter>)</parameter_list>

<block>{<block_content>

<if_stmt><if>if <condition>(<expr><name>argc</name> <operator>!=</operator> <literal type="number">2</literal></expr>)</condition><block type="pseudo"><block_content>

<expr_stmt><expr><call><name>usage</name><argument_list>(<argument><expr><literal type="string">"Expected 1 parameter defining the temporary file template"</literal></expr></argument>)</argument_list></call></expr>;</expr_stmt></block_content></block></if></if_stmt>

<expr_stmt><expr><call><name>xmkstemp</name><argument_list>(<argument><expr><call><name>xstrdup</name><argument_list>(<argument><expr><name><name>argv</name><index>[<expr><literal type="number">1</literal></expr>]</index></name></expr></argument>)</argument_list></call></expr></argument>)</argument_list></call></expr>;</expr_stmt>

<return>return <expr><literal type="number">0</literal></expr>;</return>

</block_content>}</block></function>

</unit>
