<?xml version="1.0" encoding="UTF-8" standalone="yes"?>
<unit xmlns="http://www.srcML.org/srcML/src" xmlns:cpp="http://www.srcML.org/srcML/cpp" revision="1.0.0" language="C" filename="D:\Pesquisa\Projects\git-analysis\_cppstats\git\t\helper\test-read-cache.c"><cpp:include>#<cpp:directive>include</cpp:directive> <cpp:file>"test-tool.h"</cpp:file></cpp:include>

<cpp:include>#<cpp:directive>include</cpp:directive> <cpp:file>"cache.h"</cpp:file></cpp:include>

<cpp:include>#<cpp:directive>include</cpp:directive> <cpp:file>"config.h"</cpp:file></cpp:include>

<function><type><name>int</name></type> <name>cmd__read_cache</name><parameter_list>(<parameter><decl><type><name>int</name></type> <name>argc</name></decl></parameter>, <parameter><decl><type><specifier>const</specifier> <name>char</name> <modifier>*</modifier><modifier>*</modifier></type><name>argv</name></decl></parameter>)</parameter_list>

<block>{<block_content>

<decl_stmt><decl><type><name>int</name></type> <name>i</name></decl>, <decl><type ref="prev"/><name>cnt</name> <init>= <expr><literal type="number">1</literal></expr></init></decl>;</decl_stmt>

<decl_stmt><decl><type><specifier>const</specifier> <name>char</name> <modifier>*</modifier></type><name>name</name> <init>= <expr><name>NULL</name></expr></init></decl>;</decl_stmt>

<if_stmt><if>if <condition>(<expr><name>argc</name> <operator>&gt;</operator> <literal type="number">1</literal> <operator>&amp;&amp;</operator> <call><name>skip_prefix</name><argument_list>(<argument><expr><name><name>argv</name><index>[<expr><literal type="number">1</literal></expr>]</index></name></expr></argument>, <argument><expr><literal type="string">"--print-and-refresh="</literal></expr></argument>, <argument><expr><operator>&amp;</operator><name>name</name></expr></argument>)</argument_list></call></expr>)</condition> <block>{<block_content>

<expr_stmt><expr><name>argc</name><operator>--</operator></expr>;</expr_stmt>

<expr_stmt><expr><name>argv</name><operator>++</operator></expr>;</expr_stmt>

</block_content>}</block></if></if_stmt>

<if_stmt><if>if <condition>(<expr><name>argc</name> <operator>==</operator> <literal type="number">2</literal></expr>)</condition><block type="pseudo"><block_content>

<expr_stmt><expr><name>cnt</name> <operator>=</operator> <call><name>strtol</name><argument_list>(<argument><expr><name><name>argv</name><index>[<expr><literal type="number">1</literal></expr>]</index></name></expr></argument>, <argument><expr><name>NULL</name></expr></argument>, <argument><expr><literal type="number">0</literal></expr></argument>)</argument_list></call></expr>;</expr_stmt></block_content></block></if></if_stmt>

<expr_stmt><expr><call><name>setup_git_directory</name><argument_list>()</argument_list></call></expr>;</expr_stmt>

<expr_stmt><expr><call><name>git_config</name><argument_list>(<argument><expr><name>git_default_config</name></expr></argument>, <argument><expr><name>NULL</name></expr></argument>)</argument_list></call></expr>;</expr_stmt>

<for>for <control>(<init><expr><name>i</name> <operator>=</operator> <literal type="number">0</literal></expr>;</init> <condition><expr><name>i</name> <operator>&lt;</operator> <name>cnt</name></expr>;</condition> <incr><expr><name>i</name><operator>++</operator></expr></incr>)</control> <block>{<block_content>

<expr_stmt><expr><call><name>read_cache</name><argument_list>()</argument_list></call></expr>;</expr_stmt>

<if_stmt><if>if <condition>(<expr><name>name</name></expr>)</condition> <block>{<block_content>

<decl_stmt><decl><type><name>int</name></type> <name>pos</name></decl>;</decl_stmt>

<expr_stmt><expr><call><name>refresh_index</name><argument_list>(<argument><expr><operator>&amp;</operator><name>the_index</name></expr></argument>, <argument><expr><name>REFRESH_QUIET</name></expr></argument>,

<argument><expr><name>NULL</name></expr></argument>, <argument><expr><name>NULL</name></expr></argument>, <argument><expr><name>NULL</name></expr></argument>)</argument_list></call></expr>;</expr_stmt>

<expr_stmt><expr><name>pos</name> <operator>=</operator> <call><name>index_name_pos</name><argument_list>(<argument><expr><operator>&amp;</operator><name>the_index</name></expr></argument>, <argument><expr><name>name</name></expr></argument>, <argument><expr><call><name>strlen</name><argument_list>(<argument><expr><name>name</name></expr></argument>)</argument_list></call></expr></argument>)</argument_list></call></expr>;</expr_stmt>

<if_stmt><if>if <condition>(<expr><name>pos</name> <operator>&lt;</operator> <literal type="number">0</literal></expr>)</condition><block type="pseudo"><block_content>

<expr_stmt><expr><call><name>die</name><argument_list>(<argument><expr><literal type="string">"%s not in index"</literal></expr></argument>, <argument><expr><name>name</name></expr></argument>)</argument_list></call></expr>;</expr_stmt></block_content></block></if></if_stmt>

<expr_stmt><expr><call><name>printf</name><argument_list>(<argument><expr><literal type="string">"%s is%s up to date\n"</literal></expr></argument>, <argument><expr><name>name</name></expr></argument>,

<argument><expr><ternary><condition><expr><call><name>ce_uptodate</name><argument_list>(<argument><expr><name><name>the_index</name><operator>.</operator><name>cache</name><index>[<expr><name>pos</name></expr>]</index></name></expr></argument>)</argument_list></call></expr> ?</condition><then> <expr><literal type="string">""</literal></expr> </then><else>: <expr><literal type="string">" not"</literal></expr></else></ternary></expr></argument>)</argument_list></call></expr>;</expr_stmt>

<expr_stmt><expr><call><name>write_file</name><argument_list>(<argument><expr><name>name</name></expr></argument>, <argument><expr><literal type="string">"%d\n"</literal></expr></argument>, <argument><expr><name>i</name></expr></argument>)</argument_list></call></expr>;</expr_stmt>

</block_content>}</block></if></if_stmt>

<expr_stmt><expr><call><name>discard_cache</name><argument_list>()</argument_list></call></expr>;</expr_stmt>

</block_content>}</block></for>

<return>return <expr><literal type="number">0</literal></expr>;</return>

</block_content>}</block></function>

</unit>
