<?xml version="1.0" encoding="UTF-8" standalone="yes"?>
<unit xmlns="http://www.srcML.org/srcML/src" xmlns:cpp="http://www.srcML.org/srcML/cpp" revision="1.0.0" language="C" filename="D:\Pesquisa\Projects\git-analysis\_cppstats\git\t\helper\test-genzeros.c"><cpp:include>#<cpp:directive>include</cpp:directive> <cpp:file>"test-tool.h"</cpp:file></cpp:include>

<cpp:include>#<cpp:directive>include</cpp:directive> <cpp:file>"git-compat-util.h"</cpp:file></cpp:include>

<function><type><name>int</name></type> <name>cmd__genzeros</name><parameter_list>(<parameter><decl><type><name>int</name></type> <name>argc</name></decl></parameter>, <parameter><decl><type><specifier>const</specifier> <name>char</name> <modifier>*</modifier><modifier>*</modifier></type><name>argv</name></decl></parameter>)</parameter_list>

<block>{<block_content>

<decl_stmt><decl><type><name>long</name></type> <name>count</name></decl>;</decl_stmt>

<if_stmt><if>if <condition>(<expr><name>argc</name> <operator>&gt;</operator> <literal type="number">2</literal></expr>)</condition> <block>{<block_content>

<expr_stmt><expr><call><name>fprintf</name><argument_list>(<argument><expr><name>stderr</name></expr></argument>, <argument><expr><literal type="string">"usage: %s [&lt;count&gt;]\n"</literal></expr></argument>, <argument><expr><name><name>argv</name><index>[<expr><literal type="number">0</literal></expr>]</index></name></expr></argument>)</argument_list></call></expr>;</expr_stmt>

<return>return <expr><literal type="number">1</literal></expr>;</return>

</block_content>}</block></if></if_stmt>

<expr_stmt><expr><name>count</name> <operator>=</operator> <ternary><condition><expr><name>argc</name> <operator>&gt;</operator> <literal type="number">1</literal></expr> ?</condition><then> <expr><call><name>strtol</name><argument_list>(<argument><expr><name><name>argv</name><index>[<expr><literal type="number">1</literal></expr>]</index></name></expr></argument>, <argument><expr><name>NULL</name></expr></argument>, <argument><expr><literal type="number">0</literal></expr></argument>)</argument_list></call></expr> </then><else>: <expr><operator>-</operator><literal type="number">1L</literal></expr></else></ternary></expr>;</expr_stmt>

<while>while <condition>(<expr><name>count</name> <operator>&lt;</operator> <literal type="number">0</literal> <operator>||</operator> <name>count</name><operator>--</operator></expr>)</condition> <block>{<block_content>

<if_stmt><if>if <condition>(<expr><call><name>putchar</name><argument_list>(<argument><expr><literal type="number">0</literal></expr></argument>)</argument_list></call> <operator>==</operator> <name>EOF</name></expr>)</condition><block type="pseudo"><block_content>

<return>return <expr><operator>-</operator><literal type="number">1</literal></expr>;</return></block_content></block></if></if_stmt>

</block_content>}</block></while>

<return>return <expr><literal type="number">0</literal></expr>;</return>

</block_content>}</block></function>

</unit>
