<?xml version="1.0" encoding="UTF-8" standalone="yes"?>
<unit xmlns="http://www.srcML.org/srcML/src" xmlns:cpp="http://www.srcML.org/srcML/cpp" revision="1.0.0" language="C" filename="D:\Pesquisa\Projects\git-analysis\_cppstats\git\t\helper\test-string-list.c"><cpp:include>#<cpp:directive>include</cpp:directive> <cpp:file>"test-tool.h"</cpp:file></cpp:include>

<cpp:include>#<cpp:directive>include</cpp:directive> <cpp:file>"cache.h"</cpp:file></cpp:include>

<cpp:include>#<cpp:directive>include</cpp:directive> <cpp:file>"string-list.h"</cpp:file></cpp:include>

<function><type><specifier>static</specifier> <name>void</name></type> <name>parse_string_list</name><parameter_list>(<parameter><decl><type><name><name>struct</name> <name>string_list</name></name> <modifier>*</modifier></type><name>list</name></decl></parameter>, <parameter><decl><type><specifier>const</specifier> <name>char</name> <modifier>*</modifier></type><name>arg</name></decl></parameter>)</parameter_list>

<block>{<block_content>

<if_stmt><if>if <condition>(<expr><operator>!</operator><call><name>strcmp</name><argument_list>(<argument><expr><name>arg</name></expr></argument>, <argument><expr><literal type="string">"-"</literal></expr></argument>)</argument_list></call></expr>)</condition><block type="pseudo"><block_content>

<return>return;</return></block_content></block></if></if_stmt>

<expr_stmt><expr><operator>(</operator><name>void</name><operator>)</operator><call><name>string_list_split</name><argument_list>(<argument><expr><name>list</name></expr></argument>, <argument><expr><name>arg</name></expr></argument>, <argument><expr><literal type="char">':'</literal></expr></argument>, <argument><expr><operator>-</operator><literal type="number">1</literal></expr></argument>)</argument_list></call></expr>;</expr_stmt>

</block_content>}</block></function>

<function><type><specifier>static</specifier> <name>void</name></type> <name>write_list</name><parameter_list>(<parameter><decl><type><specifier>const</specifier> <name><name>struct</name> <name>string_list</name></name> <modifier>*</modifier></type><name>list</name></decl></parameter>)</parameter_list>

<block>{<block_content>

<decl_stmt><decl><type><name>int</name></type> <name>i</name></decl>;</decl_stmt>

<for>for <control>(<init><expr><name>i</name> <operator>=</operator> <literal type="number">0</literal></expr>;</init> <condition><expr><name>i</name> <operator>&lt;</operator> <name><name>list</name><operator>-&gt;</operator><name>nr</name></name></expr>;</condition> <incr><expr><name>i</name><operator>++</operator></expr></incr>)</control><block type="pseudo"><block_content>

<expr_stmt><expr><call><name>printf</name><argument_list>(<argument><expr><literal type="string">"[%d]: \"%s\"\n"</literal></expr></argument>, <argument><expr><name>i</name></expr></argument>, <argument><expr><name><name>list</name><operator>-&gt;</operator><name>items</name><index>[<expr><name>i</name></expr>]</index></name><operator>.</operator><name>string</name></expr></argument>)</argument_list></call></expr>;</expr_stmt></block_content></block></for>

</block_content>}</block></function>

<function><type><specifier>static</specifier> <name>void</name></type> <name>write_list_compact</name><parameter_list>(<parameter><decl><type><specifier>const</specifier> <name><name>struct</name> <name>string_list</name></name> <modifier>*</modifier></type><name>list</name></decl></parameter>)</parameter_list>

<block>{<block_content>

<decl_stmt><decl><type><name>int</name></type> <name>i</name></decl>;</decl_stmt>

<if_stmt><if>if <condition>(<expr><operator>!</operator><name><name>list</name><operator>-&gt;</operator><name>nr</name></name></expr>)</condition><block type="pseudo"><block_content>

<expr_stmt><expr><call><name>printf</name><argument_list>(<argument><expr><literal type="string">"-\n"</literal></expr></argument>)</argument_list></call></expr>;</expr_stmt></block_content></block></if>

<else>else <block>{<block_content>

<expr_stmt><expr><call><name>printf</name><argument_list>(<argument><expr><literal type="string">"%s"</literal></expr></argument>, <argument><expr><name><name>list</name><operator>-&gt;</operator><name>items</name><index>[<expr><literal type="number">0</literal></expr>]</index></name><operator>.</operator><name>string</name></expr></argument>)</argument_list></call></expr>;</expr_stmt>

<for>for <control>(<init><expr><name>i</name> <operator>=</operator> <literal type="number">1</literal></expr>;</init> <condition><expr><name>i</name> <operator>&lt;</operator> <name><name>list</name><operator>-&gt;</operator><name>nr</name></name></expr>;</condition> <incr><expr><name>i</name><operator>++</operator></expr></incr>)</control><block type="pseudo"><block_content>

<expr_stmt><expr><call><name>printf</name><argument_list>(<argument><expr><literal type="string">":%s"</literal></expr></argument>, <argument><expr><name><name>list</name><operator>-&gt;</operator><name>items</name><index>[<expr><name>i</name></expr>]</index></name><operator>.</operator><name>string</name></expr></argument>)</argument_list></call></expr>;</expr_stmt></block_content></block></for>

<expr_stmt><expr><call><name>printf</name><argument_list>(<argument><expr><literal type="string">"\n"</literal></expr></argument>)</argument_list></call></expr>;</expr_stmt>

</block_content>}</block></else></if_stmt>

</block_content>}</block></function>

<function><type><specifier>static</specifier> <name>int</name></type> <name>prefix_cb</name><parameter_list>(<parameter><decl><type><name><name>struct</name> <name>string_list_item</name></name> <modifier>*</modifier></type><name>item</name></decl></parameter>, <parameter><decl><type><name>void</name> <modifier>*</modifier></type><name>cb_data</name></decl></parameter>)</parameter_list>

<block>{<block_content>

<decl_stmt><decl><type><specifier>const</specifier> <name>char</name> <modifier>*</modifier></type><name>prefix</name> <init>= <expr><operator>(</operator><specifier>const</specifier> <name>char</name> <operator>*</operator><operator>)</operator><name>cb_data</name></expr></init></decl>;</decl_stmt>

<return>return <expr><call><name>starts_with</name><argument_list>(<argument><expr><name><name>item</name><operator>-&gt;</operator><name>string</name></name></expr></argument>, <argument><expr><name>prefix</name></expr></argument>)</argument_list></call></expr>;</return>

</block_content>}</block></function>

<function><type><name>int</name></type> <name>cmd__string_list</name><parameter_list>(<parameter><decl><type><name>int</name></type> <name>argc</name></decl></parameter>, <parameter><decl><type><specifier>const</specifier> <name>char</name> <modifier>*</modifier><modifier>*</modifier></type><name>argv</name></decl></parameter>)</parameter_list>

<block>{<block_content>

<if_stmt><if>if <condition>(<expr><name>argc</name> <operator>==</operator> <literal type="number">5</literal> <operator>&amp;&amp;</operator> <operator>!</operator><call><name>strcmp</name><argument_list>(<argument><expr><name><name>argv</name><index>[<expr><literal type="number">1</literal></expr>]</index></name></expr></argument>, <argument><expr><literal type="string">"split"</literal></expr></argument>)</argument_list></call></expr>)</condition> <block>{<block_content>

<decl_stmt><decl><type><name><name>struct</name> <name>string_list</name></name></type> <name>list</name> <init>= <expr><name>STRING_LIST_INIT_DUP</name></expr></init></decl>;</decl_stmt>

<decl_stmt><decl><type><name>int</name></type> <name>i</name></decl>;</decl_stmt>

<decl_stmt><decl><type><specifier>const</specifier> <name>char</name> <modifier>*</modifier></type><name>s</name> <init>= <expr><name><name>argv</name><index>[<expr><literal type="number">2</literal></expr>]</index></name></expr></init></decl>;</decl_stmt>

<decl_stmt><decl><type><name>int</name></type> <name>delim</name> <init>= <expr><operator>*</operator><name><name>argv</name><index>[<expr><literal type="number">3</literal></expr>]</index></name></expr></init></decl>;</decl_stmt>

<decl_stmt><decl><type><name>int</name></type> <name>maxsplit</name> <init>= <expr><call><name>atoi</name><argument_list>(<argument><expr><name><name>argv</name><index>[<expr><literal type="number">4</literal></expr>]</index></name></expr></argument>)</argument_list></call></expr></init></decl>;</decl_stmt>

<expr_stmt><expr><name>i</name> <operator>=</operator> <call><name>string_list_split</name><argument_list>(<argument><expr><operator>&amp;</operator><name>list</name></expr></argument>, <argument><expr><name>s</name></expr></argument>, <argument><expr><name>delim</name></expr></argument>, <argument><expr><name>maxsplit</name></expr></argument>)</argument_list></call></expr>;</expr_stmt>

<expr_stmt><expr><call><name>printf</name><argument_list>(<argument><expr><literal type="string">"%d\n"</literal></expr></argument>, <argument><expr><name>i</name></expr></argument>)</argument_list></call></expr>;</expr_stmt>

<expr_stmt><expr><call><name>write_list</name><argument_list>(<argument><expr><operator>&amp;</operator><name>list</name></expr></argument>)</argument_list></call></expr>;</expr_stmt>

<expr_stmt><expr><call><name>string_list_clear</name><argument_list>(<argument><expr><operator>&amp;</operator><name>list</name></expr></argument>, <argument><expr><literal type="number">0</literal></expr></argument>)</argument_list></call></expr>;</expr_stmt>

<return>return <expr><literal type="number">0</literal></expr>;</return>

</block_content>}</block></if></if_stmt>

<if_stmt><if>if <condition>(<expr><name>argc</name> <operator>==</operator> <literal type="number">5</literal> <operator>&amp;&amp;</operator> <operator>!</operator><call><name>strcmp</name><argument_list>(<argument><expr><name><name>argv</name><index>[<expr><literal type="number">1</literal></expr>]</index></name></expr></argument>, <argument><expr><literal type="string">"split_in_place"</literal></expr></argument>)</argument_list></call></expr>)</condition> <block>{<block_content>

<decl_stmt><decl><type><name><name>struct</name> <name>string_list</name></name></type> <name>list</name> <init>= <expr><name>STRING_LIST_INIT_NODUP</name></expr></init></decl>;</decl_stmt>

<decl_stmt><decl><type><name>int</name></type> <name>i</name></decl>;</decl_stmt>

<decl_stmt><decl><type><name>char</name> <modifier>*</modifier></type><name>s</name> <init>= <expr><call><name>xstrdup</name><argument_list>(<argument><expr><name><name>argv</name><index>[<expr><literal type="number">2</literal></expr>]</index></name></expr></argument>)</argument_list></call></expr></init></decl>;</decl_stmt>

<decl_stmt><decl><type><name>int</name></type> <name>delim</name> <init>= <expr><operator>*</operator><name><name>argv</name><index>[<expr><literal type="number">3</literal></expr>]</index></name></expr></init></decl>;</decl_stmt>

<decl_stmt><decl><type><name>int</name></type> <name>maxsplit</name> <init>= <expr><call><name>atoi</name><argument_list>(<argument><expr><name><name>argv</name><index>[<expr><literal type="number">4</literal></expr>]</index></name></expr></argument>)</argument_list></call></expr></init></decl>;</decl_stmt>

<expr_stmt><expr><name>i</name> <operator>=</operator> <call><name>string_list_split_in_place</name><argument_list>(<argument><expr><operator>&amp;</operator><name>list</name></expr></argument>, <argument><expr><name>s</name></expr></argument>, <argument><expr><name>delim</name></expr></argument>, <argument><expr><name>maxsplit</name></expr></argument>)</argument_list></call></expr>;</expr_stmt>

<expr_stmt><expr><call><name>printf</name><argument_list>(<argument><expr><literal type="string">"%d\n"</literal></expr></argument>, <argument><expr><name>i</name></expr></argument>)</argument_list></call></expr>;</expr_stmt>

<expr_stmt><expr><call><name>write_list</name><argument_list>(<argument><expr><operator>&amp;</operator><name>list</name></expr></argument>)</argument_list></call></expr>;</expr_stmt>

<expr_stmt><expr><call><name>string_list_clear</name><argument_list>(<argument><expr><operator>&amp;</operator><name>list</name></expr></argument>, <argument><expr><literal type="number">0</literal></expr></argument>)</argument_list></call></expr>;</expr_stmt>

<expr_stmt><expr><call><name>free</name><argument_list>(<argument><expr><name>s</name></expr></argument>)</argument_list></call></expr>;</expr_stmt>

<return>return <expr><literal type="number">0</literal></expr>;</return>

</block_content>}</block></if></if_stmt>

<if_stmt><if>if <condition>(<expr><name>argc</name> <operator>==</operator> <literal type="number">4</literal> <operator>&amp;&amp;</operator> <operator>!</operator><call><name>strcmp</name><argument_list>(<argument><expr><name><name>argv</name><index>[<expr><literal type="number">1</literal></expr>]</index></name></expr></argument>, <argument><expr><literal type="string">"filter"</literal></expr></argument>)</argument_list></call></expr>)</condition> <block>{<block_content>

<decl_stmt><decl><type><name><name>struct</name> <name>string_list</name></name></type> <name>list</name> <init>= <expr><name>STRING_LIST_INIT_DUP</name></expr></init></decl>;</decl_stmt>

<decl_stmt><decl><type><specifier>const</specifier> <name>char</name> <modifier>*</modifier></type><name>prefix</name> <init>= <expr><name><name>argv</name><index>[<expr><literal type="number">3</literal></expr>]</index></name></expr></init></decl>;</decl_stmt>

<expr_stmt><expr><call><name>parse_string_list</name><argument_list>(<argument><expr><operator>&amp;</operator><name>list</name></expr></argument>, <argument><expr><name><name>argv</name><index>[<expr><literal type="number">2</literal></expr>]</index></name></expr></argument>)</argument_list></call></expr>;</expr_stmt>

<expr_stmt><expr><call><name>filter_string_list</name><argument_list>(<argument><expr><operator>&amp;</operator><name>list</name></expr></argument>, <argument><expr><literal type="number">0</literal></expr></argument>, <argument><expr><name>prefix_cb</name></expr></argument>, <argument><expr><operator>(</operator><name>void</name> <operator>*</operator><operator>)</operator><name>prefix</name></expr></argument>)</argument_list></call></expr>;</expr_stmt>

<expr_stmt><expr><call><name>write_list_compact</name><argument_list>(<argument><expr><operator>&amp;</operator><name>list</name></expr></argument>)</argument_list></call></expr>;</expr_stmt>

<expr_stmt><expr><call><name>string_list_clear</name><argument_list>(<argument><expr><operator>&amp;</operator><name>list</name></expr></argument>, <argument><expr><literal type="number">0</literal></expr></argument>)</argument_list></call></expr>;</expr_stmt>

<return>return <expr><literal type="number">0</literal></expr>;</return>

</block_content>}</block></if></if_stmt>

<if_stmt><if>if <condition>(<expr><name>argc</name> <operator>==</operator> <literal type="number">3</literal> <operator>&amp;&amp;</operator> <operator>!</operator><call><name>strcmp</name><argument_list>(<argument><expr><name><name>argv</name><index>[<expr><literal type="number">1</literal></expr>]</index></name></expr></argument>, <argument><expr><literal type="string">"remove_duplicates"</literal></expr></argument>)</argument_list></call></expr>)</condition> <block>{<block_content>

<decl_stmt><decl><type><name><name>struct</name> <name>string_list</name></name></type> <name>list</name> <init>= <expr><name>STRING_LIST_INIT_DUP</name></expr></init></decl>;</decl_stmt>

<expr_stmt><expr><call><name>parse_string_list</name><argument_list>(<argument><expr><operator>&amp;</operator><name>list</name></expr></argument>, <argument><expr><name><name>argv</name><index>[<expr><literal type="number">2</literal></expr>]</index></name></expr></argument>)</argument_list></call></expr>;</expr_stmt>

<expr_stmt><expr><call><name>string_list_remove_duplicates</name><argument_list>(<argument><expr><operator>&amp;</operator><name>list</name></expr></argument>, <argument><expr><literal type="number">0</literal></expr></argument>)</argument_list></call></expr>;</expr_stmt>

<expr_stmt><expr><call><name>write_list_compact</name><argument_list>(<argument><expr><operator>&amp;</operator><name>list</name></expr></argument>)</argument_list></call></expr>;</expr_stmt>

<expr_stmt><expr><call><name>string_list_clear</name><argument_list>(<argument><expr><operator>&amp;</operator><name>list</name></expr></argument>, <argument><expr><literal type="number">0</literal></expr></argument>)</argument_list></call></expr>;</expr_stmt>

<return>return <expr><literal type="number">0</literal></expr>;</return>

</block_content>}</block></if></if_stmt>

<if_stmt><if>if <condition>(<expr><name>argc</name> <operator>==</operator> <literal type="number">2</literal> <operator>&amp;&amp;</operator> <operator>!</operator><call><name>strcmp</name><argument_list>(<argument><expr><name><name>argv</name><index>[<expr><literal type="number">1</literal></expr>]</index></name></expr></argument>, <argument><expr><literal type="string">"sort"</literal></expr></argument>)</argument_list></call></expr>)</condition> <block>{<block_content>

<decl_stmt><decl><type><name><name>struct</name> <name>string_list</name></name></type> <name>list</name> <init>= <expr><name>STRING_LIST_INIT_NODUP</name></expr></init></decl>;</decl_stmt>

<decl_stmt><decl><type><name><name>struct</name> <name>strbuf</name></name></type> <name>sb</name> <init>= <expr><name>STRBUF_INIT</name></expr></init></decl>;</decl_stmt>

<decl_stmt><decl><type><name><name>struct</name> <name>string_list_item</name></name> <modifier>*</modifier></type><name>item</name></decl>;</decl_stmt>

<expr_stmt><expr><call><name>strbuf_read</name><argument_list>(<argument><expr><operator>&amp;</operator><name>sb</name></expr></argument>, <argument><expr><literal type="number">0</literal></expr></argument>, <argument><expr><literal type="number">0</literal></expr></argument>)</argument_list></call></expr>;</expr_stmt>

<if_stmt><if>if <condition>(<expr><name><name>sb</name><operator>.</operator><name>len</name></name> <operator>&amp;&amp;</operator> <name><name>sb</name><operator>.</operator><name>buf</name><index>[<expr><name><name>sb</name><operator>.</operator><name>len</name></name> <operator>-</operator> <literal type="number">1</literal></expr>]</index></name> <operator>==</operator> <literal type="char">'\n'</literal></expr>)</condition><block type="pseudo"><block_content>

<expr_stmt><expr><call><name>strbuf_setlen</name><argument_list>(<argument><expr><operator>&amp;</operator><name>sb</name></expr></argument>, <argument><expr><name><name>sb</name><operator>.</operator><name>len</name></name> <operator>-</operator> <literal type="number">1</literal></expr></argument>)</argument_list></call></expr>;</expr_stmt></block_content></block></if></if_stmt>

<expr_stmt><expr><call><name>string_list_split_in_place</name><argument_list>(<argument><expr><operator>&amp;</operator><name>list</name></expr></argument>, <argument><expr><name><name>sb</name><operator>.</operator><name>buf</name></name></expr></argument>, <argument><expr><literal type="char">'\n'</literal></expr></argument>, <argument><expr><operator>-</operator><literal type="number">1</literal></expr></argument>)</argument_list></call></expr>;</expr_stmt>

<expr_stmt><expr><call><name>string_list_sort</name><argument_list>(<argument><expr><operator>&amp;</operator><name>list</name></expr></argument>)</argument_list></call></expr>;</expr_stmt>

<macro><name>for_each_string_list_item</name><argument_list>(<argument>item</argument>, <argument>&amp;list</argument>)</argument_list></macro>

<expr_stmt><expr><call><name>puts</name><argument_list>(<argument><expr><name><name>item</name><operator>-&gt;</operator><name>string</name></name></expr></argument>)</argument_list></call></expr>;</expr_stmt>

<expr_stmt><expr><call><name>string_list_clear</name><argument_list>(<argument><expr><operator>&amp;</operator><name>list</name></expr></argument>, <argument><expr><literal type="number">0</literal></expr></argument>)</argument_list></call></expr>;</expr_stmt>

<expr_stmt><expr><call><name>strbuf_release</name><argument_list>(<argument><expr><operator>&amp;</operator><name>sb</name></expr></argument>)</argument_list></call></expr>;</expr_stmt>

<return>return <expr><literal type="number">0</literal></expr>;</return>

</block_content>}</block></if></if_stmt>

<expr_stmt><expr><call><name>fprintf</name><argument_list>(<argument><expr><name>stderr</name></expr></argument>, <argument><expr><literal type="string">"%s: unknown function name: %s\n"</literal></expr></argument>, <argument><expr><name><name>argv</name><index>[<expr><literal type="number">0</literal></expr>]</index></name></expr></argument>,

<argument><expr><ternary><condition><expr><name><name>argv</name><index>[<expr><literal type="number">1</literal></expr>]</index></name></expr> ?</condition><then> <expr><name><name>argv</name><index>[<expr><literal type="number">1</literal></expr>]</index></name></expr> </then><else>: <expr><literal type="string">"(there was none)"</literal></expr></else></ternary></expr></argument>)</argument_list></call></expr>;</expr_stmt>

<return>return <expr><literal type="number">1</literal></expr>;</return>

</block_content>}</block></function>

</unit>
