<?xml version="1.0" encoding="UTF-8" standalone="yes"?>
<unit xmlns="http://www.srcML.org/srcML/src" xmlns:cpp="http://www.srcML.org/srcML/cpp" revision="1.0.0" language="C" filename="D:\Pesquisa\Projects\obs-analysis\_cppstats\obs-studio\test\test-input\test-sinewave.c"><cpp:include>#<cpp:directive>include</cpp:directive> <cpp:file>&lt;math.h&gt;</cpp:file></cpp:include>

<cpp:include>#<cpp:directive>include</cpp:directive> <cpp:file>&lt;util/bmem.h&gt;</cpp:file></cpp:include>

<cpp:include>#<cpp:directive>include</cpp:directive> <cpp:file>&lt;util/threading.h&gt;</cpp:file></cpp:include>

<cpp:include>#<cpp:directive>include</cpp:directive> <cpp:file>&lt;util/platform.h&gt;</cpp:file></cpp:include>

<cpp:include>#<cpp:directive>include</cpp:directive> <cpp:file>&lt;obs.h&gt;</cpp:file></cpp:include>

<struct>struct <name>sinewave_data</name> <block>{

<decl_stmt><decl><type><name>bool</name></type> <name>initialized_thread</name></decl>;</decl_stmt>

<decl_stmt><decl><type><name>pthread_t</name></type> <name>thread</name></decl>;</decl_stmt>

<decl_stmt><decl><type><name>os_event_t</name> <modifier>*</modifier></type><name>event</name></decl>;</decl_stmt>

<decl_stmt><decl><type><name>obs_source_t</name> <modifier>*</modifier></type><name>source</name></decl>;</decl_stmt>

}</block>;</struct>

<decl_stmt><decl><type><specifier>static</specifier> <specifier>const</specifier> <name>double</name></type> <name>rate</name> <init>= <expr><literal type="number">261.63</literal> <operator>/</operator> <literal type="number">48000.0</literal></expr></init></decl>;</decl_stmt>

<cpp:if>#<cpp:directive>if</cpp:directive> <expr><operator>!</operator><call><name>defined</name><argument_list>(<argument><expr><name>M_PI</name></expr></argument>)</argument_list></call></expr></cpp:if>
<cpp:define>#<cpp:directive>define</cpp:directive> <cpp:macro><name>M_PI</name></cpp:macro> <cpp:value>3.1415926535897932384626433832795</cpp:value></cpp:define>

<cpp:endif>#<cpp:directive>endif</cpp:directive></cpp:endif>

<cpp:define>#<cpp:directive>define</cpp:directive> <cpp:macro><name>M_PI_X2</name></cpp:macro> <cpp:value>M_PI * 2</cpp:value></cpp:define>

<function><type><specifier>static</specifier> <name>void</name> <modifier>*</modifier></type><name>sinewave_thread</name><parameter_list>(<parameter><decl><type><name>void</name> <modifier>*</modifier></type><name>pdata</name></decl></parameter>)</parameter_list>

<block>{<block_content>

<decl_stmt><decl><type><name><name>struct</name> <name>sinewave_data</name></name> <modifier>*</modifier></type><name>swd</name> <init>= <expr><name>pdata</name></expr></init></decl>;</decl_stmt>

<decl_stmt><decl><type><name>uint64_t</name></type> <name>last_time</name> <init>= <expr><call><name>os_gettime_ns</name><argument_list>()</argument_list></call></expr></init></decl>;</decl_stmt>

<decl_stmt><decl><type><name>uint64_t</name></type> <name>ts</name> <init>= <expr><literal type="number">0</literal></expr></init></decl>;</decl_stmt>

<decl_stmt><decl><type><name>double</name></type> <name>cos_val</name> <init>= <expr><literal type="number">0.0</literal></expr></init></decl>;</decl_stmt>

<decl_stmt><decl><type><name>uint8_t</name></type> <name><name>bytes</name><index>[<expr><literal type="number">480</literal></expr>]</index></name></decl>;</decl_stmt>

<while>while <condition>(<expr><call><name>os_event_try</name><argument_list>(<argument><expr><name><name>swd</name><operator>-&gt;</operator><name>event</name></name></expr></argument>)</argument_list></call> <operator>==</operator> <name>EAGAIN</name></expr>)</condition> <block>{<block_content>

<if_stmt><if>if <condition>(<expr><operator>!</operator><call><name>os_sleepto_ns</name><argument_list>(<argument><expr><name>last_time</name> <operator>+=</operator> <literal type="number">10000000</literal></expr></argument>)</argument_list></call></expr>)</condition><block type="pseudo"><block_content>

<expr_stmt><expr><name>last_time</name> <operator>=</operator> <call><name>os_gettime_ns</name><argument_list>()</argument_list></call></expr>;</expr_stmt></block_content></block></if></if_stmt>

<for>for <control>(<init><decl><type><name>size_t</name></type> <name>i</name> <init>= <expr><literal type="number">0</literal></expr></init></decl>;</init> <condition><expr><name>i</name> <operator>&lt;</operator> <literal type="number">480</literal></expr>;</condition> <incr><expr><name>i</name><operator>++</operator></expr></incr>)</control> <block>{<block_content>

<expr_stmt><expr><name>cos_val</name> <operator>+=</operator> <name>rate</name> <operator>*</operator> <name>M_PI_X2</name></expr>;</expr_stmt>

<if_stmt><if>if <condition>(<expr><name>cos_val</name> <operator>&gt;</operator> <name>M_PI_X2</name></expr>)</condition><block type="pseudo"><block_content>

<expr_stmt><expr><name>cos_val</name> <operator>-=</operator> <name>M_PI_X2</name></expr>;</expr_stmt></block_content></block></if></if_stmt>

<decl_stmt><decl><type><name>double</name></type> <name>wave</name> <init>= <expr><call><name>cos</name><argument_list>(<argument><expr><name>cos_val</name></expr></argument>)</argument_list></call> <operator>*</operator> <literal type="number">0.5</literal></expr></init></decl>;</decl_stmt>

<expr_stmt><expr><name><name>bytes</name><index>[<expr><name>i</name></expr>]</index></name> <operator>=</operator> <operator>(</operator><name>uint8_t</name><operator>)</operator><operator>(</operator><operator>(</operator><name>wave</name> <operator>+</operator> <literal type="number">1.0</literal><operator>)</operator> <operator>*</operator> <literal type="number">0.5</literal> <operator>*</operator> <literal type="number">255.0</literal><operator>)</operator></expr>;</expr_stmt>

</block_content>}</block></for>

<decl_stmt><decl><type><name><name>struct</name> <name>obs_source_audio</name></name></type> <name>data</name></decl>;</decl_stmt>

<expr_stmt><expr><name><name>data</name><operator>.</operator><name>data</name><index>[<expr><literal type="number">0</literal></expr>]</index></name> <operator>=</operator> <name>bytes</name></expr>;</expr_stmt>

<expr_stmt><expr><name><name>data</name><operator>.</operator><name>frames</name></name> <operator>=</operator> <literal type="number">480</literal></expr>;</expr_stmt>

<expr_stmt><expr><name><name>data</name><operator>.</operator><name>speakers</name></name> <operator>=</operator> <name>SPEAKERS_MONO</name></expr>;</expr_stmt>

<expr_stmt><expr><name><name>data</name><operator>.</operator><name>samples_per_sec</name></name> <operator>=</operator> <literal type="number">48000</literal></expr>;</expr_stmt>

<expr_stmt><expr><name><name>data</name><operator>.</operator><name>timestamp</name></name> <operator>=</operator> <name>ts</name></expr>;</expr_stmt>

<expr_stmt><expr><name><name>data</name><operator>.</operator><name>format</name></name> <operator>=</operator> <name>AUDIO_FORMAT_U8BIT</name></expr>;</expr_stmt>

<expr_stmt><expr><call><name>obs_source_output_audio</name><argument_list>(<argument><expr><name><name>swd</name><operator>-&gt;</operator><name>source</name></name></expr></argument>, <argument><expr><operator>&amp;</operator><name>data</name></expr></argument>)</argument_list></call></expr>;</expr_stmt>

<expr_stmt><expr><name>ts</name> <operator>+=</operator> <literal type="number">10000000</literal></expr>;</expr_stmt>

</block_content>}</block></while>

<return>return <expr><name>NULL</name></expr>;</return>

</block_content>}</block></function>

<function><type><specifier>static</specifier> <specifier>const</specifier> <name>char</name> <modifier>*</modifier></type><name>sinewave_getname</name><parameter_list>(<parameter><decl><type><name>void</name> <modifier>*</modifier></type><name>unused</name></decl></parameter>)</parameter_list>

<block>{<block_content>

<expr_stmt><expr><call><name>UNUSED_PARAMETER</name><argument_list>(<argument><expr><name>unused</name></expr></argument>)</argument_list></call></expr>;</expr_stmt>

<return>return <expr><literal type="string">"Sinewave Sound Source (Test)"</literal></expr>;</return>

</block_content>}</block></function>

<function><type><specifier>static</specifier> <name>void</name></type> <name>sinewave_destroy</name><parameter_list>(<parameter><decl><type><name>void</name> <modifier>*</modifier></type><name>data</name></decl></parameter>)</parameter_list>

<block>{<block_content>

<decl_stmt><decl><type><name><name>struct</name> <name>sinewave_data</name></name> <modifier>*</modifier></type><name>swd</name> <init>= <expr><name>data</name></expr></init></decl>;</decl_stmt>

<if_stmt><if>if <condition>(<expr><name>swd</name></expr>)</condition> <block>{<block_content>

<if_stmt><if>if <condition>(<expr><name><name>swd</name><operator>-&gt;</operator><name>initialized_thread</name></name></expr>)</condition> <block>{<block_content>

<decl_stmt><decl><type><name>void</name> <modifier>*</modifier></type><name>ret</name></decl>;</decl_stmt>

<expr_stmt><expr><call><name>os_event_signal</name><argument_list>(<argument><expr><name><name>swd</name><operator>-&gt;</operator><name>event</name></name></expr></argument>)</argument_list></call></expr>;</expr_stmt>

<expr_stmt><expr><call><name>pthread_join</name><argument_list>(<argument><expr><name><name>swd</name><operator>-&gt;</operator><name>thread</name></name></expr></argument>, <argument><expr><operator>&amp;</operator><name>ret</name></expr></argument>)</argument_list></call></expr>;</expr_stmt>

</block_content>}</block></if></if_stmt>

<expr_stmt><expr><call><name>os_event_destroy</name><argument_list>(<argument><expr><name><name>swd</name><operator>-&gt;</operator><name>event</name></name></expr></argument>)</argument_list></call></expr>;</expr_stmt>

<expr_stmt><expr><call><name>bfree</name><argument_list>(<argument><expr><name>swd</name></expr></argument>)</argument_list></call></expr>;</expr_stmt>

</block_content>}</block></if></if_stmt>

</block_content>}</block></function>

<function><type><specifier>static</specifier> <name>void</name> <modifier>*</modifier></type><name>sinewave_create</name><parameter_list>(<parameter><decl><type><name>obs_data_t</name> <modifier>*</modifier></type><name>settings</name></decl></parameter>, <parameter><decl><type><name>obs_source_t</name> <modifier>*</modifier></type><name>source</name></decl></parameter>)</parameter_list>

<block>{<block_content>

<decl_stmt><decl><type><name><name>struct</name> <name>sinewave_data</name></name> <modifier>*</modifier></type><name>swd</name> <init>= <expr><call><name>bzalloc</name><argument_list>(<argument><expr><sizeof>sizeof<argument_list>(<argument><expr>struct <name>sinewave_data</name></expr></argument>)</argument_list></sizeof></expr></argument>)</argument_list></call></expr></init></decl>;</decl_stmt>

<expr_stmt><expr><name><name>swd</name><operator>-&gt;</operator><name>source</name></name> <operator>=</operator> <name>source</name></expr>;</expr_stmt>

<if_stmt><if>if <condition>(<expr><call><name>os_event_init</name><argument_list>(<argument><expr><operator>&amp;</operator><name><name>swd</name><operator>-&gt;</operator><name>event</name></name></expr></argument>, <argument><expr><name>OS_EVENT_TYPE_MANUAL</name></expr></argument>)</argument_list></call> <operator>!=</operator> <literal type="number">0</literal></expr>)</condition><block type="pseudo"><block_content>

<goto>goto <name>fail</name>;</goto></block_content></block></if></if_stmt>

<if_stmt><if>if <condition>(<expr><call><name>pthread_create</name><argument_list>(<argument><expr><operator>&amp;</operator><name><name>swd</name><operator>-&gt;</operator><name>thread</name></name></expr></argument>, <argument><expr><name>NULL</name></expr></argument>, <argument><expr><name>sinewave_thread</name></expr></argument>, <argument><expr><name>swd</name></expr></argument>)</argument_list></call> <operator>!=</operator> <literal type="number">0</literal></expr>)</condition><block type="pseudo"><block_content>

<goto>goto <name>fail</name>;</goto></block_content></block></if></if_stmt>

<expr_stmt><expr><name><name>swd</name><operator>-&gt;</operator><name>initialized_thread</name></name> <operator>=</operator> <name>true</name></expr>;</expr_stmt>

<expr_stmt><expr><call><name>UNUSED_PARAMETER</name><argument_list>(<argument><expr><name>settings</name></expr></argument>)</argument_list></call></expr>;</expr_stmt>

<return>return <expr><name>swd</name></expr>;</return>

<label><name>fail</name>:</label>

<expr_stmt><expr><call><name>sinewave_destroy</name><argument_list>(<argument><expr><name>swd</name></expr></argument>)</argument_list></call></expr>;</expr_stmt>

<return>return <expr><name>NULL</name></expr>;</return>

</block_content>}</block></function>

<decl_stmt><decl><type><name><name>struct</name> <name>obs_source_info</name></name></type> <name>test_sinewave</name> <init>= <expr><block>{

<expr><operator>.</operator><name>id</name> <operator>=</operator> <literal type="string">"test_sinewave"</literal></expr>,

<expr><operator>.</operator><name>type</name> <operator>=</operator> <name>OBS_SOURCE_TYPE_INPUT</name></expr>,

<expr><operator>.</operator><name>output_flags</name> <operator>=</operator> <name>OBS_SOURCE_AUDIO</name></expr>,

<expr><operator>.</operator><name>get_name</name> <operator>=</operator> <name>sinewave_getname</name></expr>,

<expr><operator>.</operator><name>create</name> <operator>=</operator> <name>sinewave_create</name></expr>,

<expr><operator>.</operator><name>destroy</name> <operator>=</operator> <name>sinewave_destroy</name></expr>,

}</block></expr></init></decl>;</decl_stmt>

</unit>
