<?xml version="1.0" encoding="UTF-8" standalone="yes"?>
<unit xmlns="http://www.srcML.org/srcML/src" xmlns:cpp="http://www.srcML.org/srcML/cpp" revision="1.0.0" language="C" filename="D:\Pesquisa\Projects\radare2-analysis\_cppstats_featurelocations\radare2\test\unit\legacy_unit\search\test-regexp.c"><cpp:include>#<cpp:directive>include</cpp:directive> <cpp:file>&lt;r_search.h&gt;</cpp:file></cpp:include>

<decl_stmt><decl><type><specifier>static</specifier> <specifier>const</specifier> <name>ut8</name> <modifier>*</modifier></type><name>buffer</name> <init>= <expr><operator>(</operator><specifier>const</specifier> <name>ut8</name><operator>*</operator><operator>)</operator> <literal type="string">"ELF,e,e,e,ELF--fooo"</literal></expr></init></decl>;</decl_stmt>

<function><type><specifier>static</specifier> <name>int</name></type> <name>hit</name><parameter_list>(<parameter><decl><type><name>RSearchKeyword</name> <modifier>*</modifier></type><name>kw</name></decl></parameter>, <parameter><decl><type><name>void</name> <modifier>*</modifier></type><name>user</name></decl></parameter>, <parameter><decl><type><name>ut64</name></type> <name>addr</name></decl></parameter>)</parameter_list> <block>{<block_content>
<decl_stmt><decl><type><specifier>const</specifier> <name>ut8</name> <modifier>*</modifier></type><name>buf</name> <init>= <expr><operator>(</operator><specifier>const</specifier> <name>ut8</name><operator>*</operator><operator>)</operator><name>user</name></expr></init></decl>;</decl_stmt>
<expr_stmt><expr><call><name>printf</name> <argument_list>(<argument><expr><literal type="string">"HIT %d AT %"</literal><name>PFMT64d</name><literal type="string">" (%s)\n"</literal></expr></argument>, <argument><expr><name><name>kw</name><operator>-&gt;</operator><name>count</name></name></expr></argument>, <argument><expr><name>addr</name></expr></argument>, <argument><expr><name>buf</name><operator>+</operator><name>addr</name></expr></argument>)</argument_list></call></expr>;</expr_stmt>
<return>return <expr><literal type="number">1</literal></expr>;</return>
</block_content>}</block></function>

<function><type><name>int</name></type> <name>main</name><parameter_list>(<parameter><decl><type><name>int</name></type> <name>argc</name></decl></parameter>, <parameter><decl><type><name>char</name> <modifier>*</modifier><modifier>*</modifier></type><name>argv</name></decl></parameter>)</parameter_list> <block>{<block_content>
<decl_stmt><decl><type><name>RSearch</name> <modifier>*</modifier></type><name>rs</name> <init>= <expr><call><name>r_search_new</name> <argument_list>(<argument><expr><name>R_SEARCH_REGEXP</name></expr></argument>)</argument_list></call></expr></init></decl>;</decl_stmt>
<expr_stmt><expr><call><name>r_search_set_callback</name> <argument_list>(<argument><expr><name>rs</name></expr></argument>, <argument><expr><operator>&amp;</operator><name>hit</name></expr></argument>, <argument><expr><operator>(</operator><name>void</name><operator>*</operator><operator>)</operator><name>buffer</name></expr></argument>)</argument_list></call></expr>;</expr_stmt>
<expr_stmt><expr><call><name>r_search_kw_add</name> <argument_list>(<argument><expr><name>rs</name></expr></argument>, 
<argument><expr><call><name>r_search_keyword_new_str</name> <argument_list>(<argument><expr><literal type="string">"E.F"</literal></expr></argument>, <argument><expr><literal type="string">"i"</literal></expr></argument>, <argument><expr><name>NULL</name></expr></argument>, <argument><expr><literal type="number">0</literal></expr></argument>)</argument_list></call></expr></argument>)</argument_list></call></expr>;</expr_stmt>
<expr_stmt><expr><call><name>r_search_begin</name> <argument_list>(<argument><expr><name>rs</name></expr></argument>)</argument_list></call></expr>;</expr_stmt>
<expr_stmt><expr><call><name>printf</name> <argument_list>(<argument><expr><literal type="string">"Searching strings in '%s'\n"</literal></expr></argument>, <argument><expr><name>buffer</name></expr></argument>)</argument_list></call></expr>;</expr_stmt>
<expr_stmt><expr><call><name>r_search_update_i</name> <argument_list>(<argument><expr><name>rs</name></expr></argument>, <argument><expr><literal type="number">0LL</literal></expr></argument>, <argument><expr><name>buffer</name></expr></argument>, <argument><expr><call><name>strlen</name> <argument_list>(<argument><expr><operator>(</operator><specifier>const</specifier> <name>char</name><operator>*</operator><operator>)</operator><name>buffer</name></expr></argument>)</argument_list></call></expr></argument>)</argument_list></call></expr>;</expr_stmt>
<expr_stmt><expr><name>rs</name> <operator>=</operator> <call><name>r_search_free</name> <argument_list>(<argument><expr><name>rs</name></expr></argument>)</argument_list></call></expr>;</expr_stmt>
<return>return <expr><literal type="number">0</literal></expr>;</return>
</block_content>}</block></function>
</unit>
