<?xml version="1.0" encoding="UTF-8" standalone="yes"?>
<unit xmlns="http://www.srcML.org/srcML/src" xmlns:cpp="http://www.srcML.org/srcML/cpp" revision="1.0.0" language="C" filename="D:\Pesquisa\Projects\obs-analysis\_cppstats_featurelocations\obs-studio\test\test-input\test-input.c"><cpp:include>#<cpp:directive>include</cpp:directive> <cpp:file>&lt;obs-module.h&gt;</cpp:file></cpp:include>

<macro><name>OBS_DECLARE_MODULE</name><argument_list>()</argument_list></macro>

<decl_stmt><decl><type><specifier>extern</specifier> <name><name>struct</name> <name>obs_source_info</name></name></type> <name>test_random</name></decl>;</decl_stmt>
<decl_stmt><decl><type><specifier>extern</specifier> <name><name>struct</name> <name>obs_source_info</name></name></type> <name>test_sinewave</name></decl>;</decl_stmt>
<decl_stmt><decl><type><specifier>extern</specifier> <name><name>struct</name> <name>obs_source_info</name></name></type> <name>test_filter</name></decl>;</decl_stmt>
<decl_stmt><decl><type><specifier>extern</specifier> <name><name>struct</name> <name>obs_source_info</name></name></type> <name>async_sync_test</name></decl>;</decl_stmt>
<decl_stmt><decl><type><specifier>extern</specifier> <name><name>struct</name> <name>obs_source_info</name></name></type> <name>buffering_async_sync_test</name></decl>;</decl_stmt>
<decl_stmt><decl><type><specifier>extern</specifier> <name><name>struct</name> <name>obs_source_info</name></name></type> <name>sync_video</name></decl>;</decl_stmt>
<decl_stmt><decl><type><specifier>extern</specifier> <name><name>struct</name> <name>obs_source_info</name></name></type> <name>sync_audio</name></decl>;</decl_stmt>

<function><type><name>bool</name></type> <name>obs_module_load</name><parameter_list>(<parameter><decl><type><name>void</name></type></decl></parameter>)</parameter_list>
<block>{<block_content>
<expr_stmt><expr><call><name>obs_register_source</name><argument_list>(<argument><expr><operator>&amp;</operator><name>test_random</name></expr></argument>)</argument_list></call></expr>;</expr_stmt>
<expr_stmt><expr><call><name>obs_register_source</name><argument_list>(<argument><expr><operator>&amp;</operator><name>test_sinewave</name></expr></argument>)</argument_list></call></expr>;</expr_stmt>
<expr_stmt><expr><call><name>obs_register_source</name><argument_list>(<argument><expr><operator>&amp;</operator><name>test_filter</name></expr></argument>)</argument_list></call></expr>;</expr_stmt>
<expr_stmt><expr><call><name>obs_register_source</name><argument_list>(<argument><expr><operator>&amp;</operator><name>async_sync_test</name></expr></argument>)</argument_list></call></expr>;</expr_stmt>
<expr_stmt><expr><call><name>obs_register_source</name><argument_list>(<argument><expr><operator>&amp;</operator><name>buffering_async_sync_test</name></expr></argument>)</argument_list></call></expr>;</expr_stmt>
<expr_stmt><expr><call><name>obs_register_source</name><argument_list>(<argument><expr><operator>&amp;</operator><name>sync_video</name></expr></argument>)</argument_list></call></expr>;</expr_stmt>
<expr_stmt><expr><call><name>obs_register_source</name><argument_list>(<argument><expr><operator>&amp;</operator><name>sync_audio</name></expr></argument>)</argument_list></call></expr>;</expr_stmt>
<return>return <expr><name>true</name></expr>;</return>
</block_content>}</block></function>
</unit>
