<?xml version="1.0" encoding="UTF-8" standalone="yes"?>
<unit xmlns="http://www.srcML.org/srcML/src" xmlns:cpp="http://www.srcML.org/srcML/cpp" revision="1.0.0" language="C" filename="D:\Pesquisa\Projects\git-analysis\_cppstats_featurelocations\git\t\helper\test-parse-pathspec-file.c"><cpp:include>#<cpp:directive>include</cpp:directive> <cpp:file>"test-tool.h"</cpp:file></cpp:include>
<cpp:include>#<cpp:directive>include</cpp:directive> <cpp:file>"parse-options.h"</cpp:file></cpp:include>
<cpp:include>#<cpp:directive>include</cpp:directive> <cpp:file>"pathspec.h"</cpp:file></cpp:include>
<cpp:include>#<cpp:directive>include</cpp:directive> <cpp:file>"gettext.h"</cpp:file></cpp:include>

<function><type><name>int</name></type> <name>cmd__parse_pathspec_file</name><parameter_list>(<parameter><decl><type><name>int</name></type> <name>argc</name></decl></parameter>, <parameter><decl><type><specifier>const</specifier> <name>char</name> <modifier>*</modifier><modifier>*</modifier></type><name>argv</name></decl></parameter>)</parameter_list>
<block>{<block_content>
<decl_stmt><decl><type><name><name>struct</name> <name>pathspec</name></name></type> <name>pathspec</name></decl>;</decl_stmt>
<decl_stmt><decl><type><specifier>const</specifier> <name>char</name> <modifier>*</modifier></type><name>pathspec_from_file</name> <init>= <expr><literal type="number">0</literal></expr></init></decl>;</decl_stmt>
<decl_stmt><decl><type><name>int</name></type> <name>pathspec_file_nul</name> <init>= <expr><literal type="number">0</literal></expr></init></decl>, <decl><type ref="prev"/><name>i</name></decl>;</decl_stmt>

<decl_stmt><decl><type><specifier>static</specifier> <specifier>const</specifier> <name>char</name> <modifier>*</modifier><specifier>const</specifier></type> <name><name>usage</name><index>[]</index></name> <init>= <expr><block>{
<expr><literal type="string">"test-tool parse-pathspec-file --pathspec-from-file [--pathspec-file-nul]"</literal></expr>,
<expr><name>NULL</name></expr>
}</block></expr></init></decl>;</decl_stmt>

<decl_stmt><decl><type><name><name>struct</name> <name>option</name></name></type> <name><name>options</name><index>[]</index></name> <init>= <expr><block>{
<expr><call><name>OPT_PATHSPEC_FROM_FILE</name><argument_list>(<argument><expr><operator>&amp;</operator><name>pathspec_from_file</name></expr></argument>)</argument_list></call></expr>,
<expr><call><name>OPT_PATHSPEC_FILE_NUL</name><argument_list>(<argument><expr><operator>&amp;</operator><name>pathspec_file_nul</name></expr></argument>)</argument_list></call></expr>,
<macro><name>OPT_END</name><argument_list>()</argument_list></macro>
}</block></expr></init></decl>;</decl_stmt>

<expr_stmt><expr><call><name>parse_options</name><argument_list>(<argument><expr><name>argc</name></expr></argument>, <argument><expr><name>argv</name></expr></argument>, <argument><expr><literal type="number">0</literal></expr></argument>, <argument><expr><name>options</name></expr></argument>, <argument><expr><name>usage</name></expr></argument>, <argument><expr><literal type="number">0</literal></expr></argument>)</argument_list></call></expr>;</expr_stmt>

<expr_stmt><expr><call><name>parse_pathspec_file</name><argument_list>(<argument><expr><operator>&amp;</operator><name>pathspec</name></expr></argument>, <argument><expr><literal type="number">0</literal></expr></argument>, <argument><expr><literal type="number">0</literal></expr></argument>, <argument><expr><literal type="number">0</literal></expr></argument>, <argument><expr><name>pathspec_from_file</name></expr></argument>,
<argument><expr><name>pathspec_file_nul</name></expr></argument>)</argument_list></call></expr>;</expr_stmt>

<for>for <control>(<init><expr><name>i</name> <operator>=</operator> <literal type="number">0</literal></expr>;</init> <condition><expr><name>i</name> <operator>&lt;</operator> <name><name>pathspec</name><operator>.</operator><name>nr</name></name></expr>;</condition> <incr><expr><name>i</name><operator>++</operator></expr></incr>)</control><block type="pseudo"><block_content>
<expr_stmt><expr><call><name>printf</name><argument_list>(<argument><expr><literal type="string">"%s\n"</literal></expr></argument>, <argument><expr><name><name>pathspec</name><operator>.</operator><name>items</name><index>[<expr><name>i</name></expr>]</index></name><operator>.</operator><name>original</name></expr></argument>)</argument_list></call></expr>;</expr_stmt></block_content></block></for>

<expr_stmt><expr><call><name>clear_pathspec</name><argument_list>(<argument><expr><operator>&amp;</operator><name>pathspec</name></expr></argument>)</argument_list></call></expr>;</expr_stmt>
<return>return <expr><literal type="number">0</literal></expr>;</return>
</block_content>}</block></function>
</unit>
