<?xml version="1.0" encoding="UTF-8" standalone="yes"?>
<unit xmlns="http://www.srcML.org/srcML/src" xmlns:cpp="http://www.srcML.org/srcML/cpp" revision="1.0.0" language="C" filename="D:\Pesquisa\Projects\git-analysis\_cppstats_featurelocations\git\t\helper\test-advise.c"><cpp:include>#<cpp:directive>include</cpp:directive> <cpp:file>"test-tool.h"</cpp:file></cpp:include>
<cpp:include>#<cpp:directive>include</cpp:directive> <cpp:file>"cache.h"</cpp:file></cpp:include>
<cpp:include>#<cpp:directive>include</cpp:directive> <cpp:file>"advice.h"</cpp:file></cpp:include>
<cpp:include>#<cpp:directive>include</cpp:directive> <cpp:file>"config.h"</cpp:file></cpp:include>

<function><type><name>int</name></type> <name>cmd__advise_if_enabled</name><parameter_list>(<parameter><decl><type><name>int</name></type> <name>argc</name></decl></parameter>, <parameter><decl><type><specifier>const</specifier> <name>char</name> <modifier>*</modifier><modifier>*</modifier></type><name>argv</name></decl></parameter>)</parameter_list>
<block>{<block_content>
<if_stmt><if>if <condition>(<expr><operator>!</operator><name><name>argv</name><index>[<expr><literal type="number">1</literal></expr>]</index></name></expr>)</condition><block type="pseudo"><block_content>
<expr_stmt><expr><call><name>die</name><argument_list>(<argument><expr><literal type="string">"usage: %s &lt;advice&gt;"</literal></expr></argument>, <argument><expr><name><name>argv</name><index>[<expr><literal type="number">0</literal></expr>]</index></name></expr></argument>)</argument_list></call></expr>;</expr_stmt></block_content></block></if></if_stmt>

<expr_stmt><expr><call><name>setup_git_directory</name><argument_list>()</argument_list></call></expr>;</expr_stmt>
<expr_stmt><expr><call><name>git_config</name><argument_list>(<argument><expr><name>git_default_config</name></expr></argument>, <argument><expr><name>NULL</name></expr></argument>)</argument_list></call></expr>;</expr_stmt>






<expr_stmt><expr><call><name>advise_if_enabled</name><argument_list>(<argument><expr><name>ADVICE_NESTED_TAG</name></expr></argument>, <argument><expr><name><name>argv</name><index>[<expr><literal type="number">1</literal></expr>]</index></name></expr></argument>)</argument_list></call></expr>;</expr_stmt>

<return>return <expr><literal type="number">0</literal></expr>;</return>
</block_content>}</block></function>
</unit>
