<?xml version="1.0" encoding="UTF-8" standalone="yes"?>
<unit xmlns="http://www.srcML.org/srcML/src" xmlns:cpp="http://www.srcML.org/srcML/cpp" revision="1.0.0" language="C" filename="D:\Pesquisa\Projects\git-analysis\_cppstats_featurelocations\git\t\helper\test-sigchain.c"><cpp:include>#<cpp:directive>include</cpp:directive> <cpp:file>"test-tool.h"</cpp:file></cpp:include>
<cpp:include>#<cpp:directive>include</cpp:directive> <cpp:file>"cache.h"</cpp:file></cpp:include>
<cpp:include>#<cpp:directive>include</cpp:directive> <cpp:file>"sigchain.h"</cpp:file></cpp:include>

<cpp:define>#<cpp:directive>define</cpp:directive> <cpp:macro><name>X</name><parameter_list>(<parameter><type><name>f</name></type></parameter>)</parameter_list></cpp:macro> <cpp:value>static void f(int sig) { puts(#f); fflush(stdout); sigchain_pop(sig); raise(sig); }</cpp:value></cpp:define>






<macro><name>X</name><argument_list>(<argument>one</argument>)</argument_list></macro>
<macro><name>X</name><argument_list>(<argument>two</argument>)</argument_list></macro>
<macro><name>X</name><argument_list>(<argument>three</argument>)</argument_list></macro>
<cpp:undef>#<cpp:directive>undef</cpp:directive> <name>X</name></cpp:undef>

<function><type><name>int</name></type> <name>cmd__sigchain</name><parameter_list>(<parameter><decl><type><name>int</name></type> <name>argc</name></decl></parameter>, <parameter><decl><type><specifier>const</specifier> <name>char</name> <modifier>*</modifier><modifier>*</modifier></type><name>argv</name></decl></parameter>)</parameter_list>
<block>{<block_content>
<expr_stmt><expr><call><name>sigchain_push</name><argument_list>(<argument><expr><name>SIGTERM</name></expr></argument>, <argument><expr><name>one</name></expr></argument>)</argument_list></call></expr>;</expr_stmt>
<expr_stmt><expr><call><name>sigchain_push</name><argument_list>(<argument><expr><name>SIGTERM</name></expr></argument>, <argument><expr><name>two</name></expr></argument>)</argument_list></call></expr>;</expr_stmt>
<expr_stmt><expr><call><name>sigchain_push</name><argument_list>(<argument><expr><name>SIGTERM</name></expr></argument>, <argument><expr><name>three</name></expr></argument>)</argument_list></call></expr>;</expr_stmt>
<expr_stmt><expr><call><name>raise</name><argument_list>(<argument><expr><name>SIGTERM</name></expr></argument>)</argument_list></call></expr>;</expr_stmt>
<return>return <expr><literal type="number">0</literal></expr>;</return>
</block_content>}</block></function>
</unit>
