<?xml version="1.0" encoding="UTF-8" standalone="yes"?>
<unit xmlns="http://www.srcML.org/srcML/src" xmlns:cpp="http://www.srcML.org/srcML/cpp" revision="1.0.0" language="C" filename="D:\Pesquisa\Projects\git-analysis\_cppstats_featurelocations\git\t\helper\test-online-cpus.c"><cpp:include>#<cpp:directive>include</cpp:directive> <cpp:file>"test-tool.h"</cpp:file></cpp:include>
<cpp:include>#<cpp:directive>include</cpp:directive> <cpp:file>"git-compat-util.h"</cpp:file></cpp:include>
<cpp:include>#<cpp:directive>include</cpp:directive> <cpp:file>"thread-utils.h"</cpp:file></cpp:include>

<function><type><name>int</name></type> <name>cmd__online_cpus</name><parameter_list>(<parameter><decl><type><name>int</name></type> <name>argc</name></decl></parameter>, <parameter><decl><type><specifier>const</specifier> <name>char</name> <modifier>*</modifier><modifier>*</modifier></type><name>argv</name></decl></parameter>)</parameter_list>
<block>{<block_content>
<expr_stmt><expr><call><name>printf</name><argument_list>(<argument><expr><literal type="string">"%d\n"</literal></expr></argument>, <argument><expr><call><name>online_cpus</name><argument_list>()</argument_list></call></expr></argument>)</argument_list></call></expr>;</expr_stmt>
<return>return <expr><literal type="number">0</literal></expr>;</return>
</block_content>}</block></function>
</unit>
