<?xml version="1.0" encoding="UTF-8" standalone="yes"?>
<unit xmlns="http://www.srcML.org/srcML/src" xmlns:cpp="http://www.srcML.org/srcML/cpp" revision="1.0.0" language="C" filename="D:\Pesquisa\Projects\git-analysis\_cppstats_featurelocations\git\t\helper\test-serve-v2.c"><cpp:include>#<cpp:directive>include</cpp:directive> <cpp:file>"test-tool.h"</cpp:file></cpp:include>
<cpp:include>#<cpp:directive>include</cpp:directive> <cpp:file>"cache.h"</cpp:file></cpp:include>
<cpp:include>#<cpp:directive>include</cpp:directive> <cpp:file>"parse-options.h"</cpp:file></cpp:include>
<cpp:include>#<cpp:directive>include</cpp:directive> <cpp:file>"serve.h"</cpp:file></cpp:include>

<decl_stmt><decl><type><specifier>static</specifier> <name>char</name> <specifier>const</specifier> <modifier>*</modifier> <specifier>const</specifier></type> <name><name>serve_usage</name><index>[]</index></name> <init>= <expr><block>{
<expr><call><name>N_</name><argument_list>(<argument><expr><literal type="string">"test-tool serve-v2 [&lt;options&gt;]"</literal></expr></argument>)</argument_list></call></expr>,
<expr><name>NULL</name></expr>
}</block></expr></init></decl>;</decl_stmt>

<function><type><name>int</name></type> <name>cmd__serve_v2</name><parameter_list>(<parameter><decl><type><name>int</name></type> <name>argc</name></decl></parameter>, <parameter><decl><type><specifier>const</specifier> <name>char</name> <modifier>*</modifier><modifier>*</modifier></type><name>argv</name></decl></parameter>)</parameter_list>
<block>{<block_content>
<decl_stmt><decl><type><name><name>struct</name> <name>serve_options</name></name></type> <name>opts</name> <init>= <expr><name>SERVE_OPTIONS_INIT</name></expr></init></decl>;</decl_stmt>

<decl_stmt><decl><type><name><name>struct</name> <name>option</name></name></type> <name><name>options</name><index>[]</index></name> <init>= <expr><block>{
<expr><call><name>OPT_BOOL</name><argument_list>(<argument><expr><literal type="number">0</literal></expr></argument>, <argument><expr><literal type="string">"stateless-rpc"</literal></expr></argument>, <argument><expr><operator>&amp;</operator><name><name>opts</name><operator>.</operator><name>stateless_rpc</name></name></expr></argument>,
<argument><expr><call><name>N_</name><argument_list>(<argument><expr><literal type="string">"quit after a single request/response exchange"</literal></expr></argument>)</argument_list></call></expr></argument>)</argument_list></call></expr>,
<expr><call><name>OPT_BOOL</name><argument_list>(<argument><expr><literal type="number">0</literal></expr></argument>, <argument><expr><literal type="string">"advertise-capabilities"</literal></expr></argument>, <argument><expr><operator>&amp;</operator><name><name>opts</name><operator>.</operator><name>advertise_capabilities</name></name></expr></argument>,
<argument><expr><call><name>N_</name><argument_list>(<argument><expr><literal type="string">"exit immediately after advertising capabilities"</literal></expr></argument>)</argument_list></call></expr></argument>)</argument_list></call></expr>,
<macro><name>OPT_END</name><argument_list>()</argument_list></macro>
}</block></expr></init></decl>;</decl_stmt>
<decl_stmt><decl><type><specifier>const</specifier> <name>char</name> <modifier>*</modifier></type><name>prefix</name> <init>= <expr><call><name>setup_git_directory</name><argument_list>()</argument_list></call></expr></init></decl>;</decl_stmt>


<expr_stmt><expr><name>argc</name> <operator>=</operator> <call><name>parse_options</name><argument_list>(<argument><expr><name>argc</name></expr></argument>, <argument><expr><name>argv</name></expr></argument>, <argument><expr><name>prefix</name></expr></argument>, <argument><expr><name>options</name></expr></argument>, <argument><expr><name>serve_usage</name></expr></argument>,
<argument><expr><name>PARSE_OPT_KEEP_DASHDASH</name> <operator>|</operator>
<name>PARSE_OPT_KEEP_UNKNOWN</name></expr></argument>)</argument_list></call></expr>;</expr_stmt>
<expr_stmt><expr><call><name>serve</name><argument_list>(<argument><expr><operator>&amp;</operator><name>opts</name></expr></argument>)</argument_list></call></expr>;</expr_stmt>

<return>return <expr><literal type="number">0</literal></expr>;</return>
</block_content>}</block></function>
</unit>
