<?xml version="1.0" encoding="UTF-8" standalone="yes"?>
<unit xmlns="http://www.srcML.org/srcML/src" xmlns:cpp="http://www.srcML.org/srcML/cpp" revision="1.0.0" language="C" filename="D:\Pesquisa\Projects\git-analysis\_cppstats_featurelocations\git\t\helper\test-sha256.c"><cpp:include>#<cpp:directive>include</cpp:directive> <cpp:file>"test-tool.h"</cpp:file></cpp:include>
<cpp:include>#<cpp:directive>include</cpp:directive> <cpp:file>"cache.h"</cpp:file></cpp:include>

<function><type><name>int</name></type> <name>cmd__sha256</name><parameter_list>(<parameter><decl><type><name>int</name></type> <name>ac</name></decl></parameter>, <parameter><decl><type><specifier>const</specifier> <name>char</name> <modifier>*</modifier><modifier>*</modifier></type><name>av</name></decl></parameter>)</parameter_list>
<block>{<block_content>
<return>return <expr><call><name>cmd_hash_impl</name><argument_list>(<argument><expr><name>ac</name></expr></argument>, <argument><expr><name>av</name></expr></argument>, <argument><expr><name>GIT_HASH_SHA256</name></expr></argument>)</argument_list></call></expr>;</return>
</block_content>}</block></function>
</unit>
