<?xml version="1.0" encoding="UTF-8" standalone="yes"?>
<unit xmlns="http://www.srcML.org/srcML/src" xmlns:cpp="http://www.srcML.org/srcML/cpp" revision="1.0.0" language="C" filename="D:\Pesquisa\Projects\git-analysis\_cppstats_featurelocations\git\t\helper\test-tool.h"><cpp:if>#<cpp:directive>if</cpp:directive> <expr><operator>!</operator><call><name>defined</name><argument_list>(<argument><expr><name>TEST_TOOL_H</name></expr></argument>)</argument_list></call></expr></cpp:if>
<cpp:define>#<cpp:directive>define</cpp:directive> <cpp:macro><name>TEST_TOOL_H</name></cpp:macro></cpp:define>

<cpp:define>#<cpp:directive>define</cpp:directive> <cpp:macro><name>USE_THE_INDEX_COMPATIBILITY_MACROS</name></cpp:macro></cpp:define>
<cpp:include>#<cpp:directive>include</cpp:directive> <cpp:file>"git-compat-util.h"</cpp:file></cpp:include>

<function_decl><type><name>int</name></type> <name>cmd__advise_if_enabled</name><parameter_list>(<parameter><decl><type><name>int</name></type> <name>argc</name></decl></parameter>, <parameter><decl><type><specifier>const</specifier> <name>char</name> <modifier>*</modifier><modifier>*</modifier></type><name>argv</name></decl></parameter>)</parameter_list>;</function_decl>
<function_decl><type><name>int</name></type> <name>cmd__chmtime</name><parameter_list>(<parameter><decl><type><name>int</name></type> <name>argc</name></decl></parameter>, <parameter><decl><type><specifier>const</specifier> <name>char</name> <modifier>*</modifier><modifier>*</modifier></type><name>argv</name></decl></parameter>)</parameter_list>;</function_decl>
<function_decl><type><name>int</name></type> <name>cmd__config</name><parameter_list>(<parameter><decl><type><name>int</name></type> <name>argc</name></decl></parameter>, <parameter><decl><type><specifier>const</specifier> <name>char</name> <modifier>*</modifier><modifier>*</modifier></type><name>argv</name></decl></parameter>)</parameter_list>;</function_decl>
<function_decl><type><name>int</name></type> <name>cmd__ctype</name><parameter_list>(<parameter><decl><type><name>int</name></type> <name>argc</name></decl></parameter>, <parameter><decl><type><specifier>const</specifier> <name>char</name> <modifier>*</modifier><modifier>*</modifier></type><name>argv</name></decl></parameter>)</parameter_list>;</function_decl>
<function_decl><type><name>int</name></type> <name>cmd__date</name><parameter_list>(<parameter><decl><type><name>int</name></type> <name>argc</name></decl></parameter>, <parameter><decl><type><specifier>const</specifier> <name>char</name> <modifier>*</modifier><modifier>*</modifier></type><name>argv</name></decl></parameter>)</parameter_list>;</function_decl>
<function_decl><type><name>int</name></type> <name>cmd__delta</name><parameter_list>(<parameter><decl><type><name>int</name></type> <name>argc</name></decl></parameter>, <parameter><decl><type><specifier>const</specifier> <name>char</name> <modifier>*</modifier><modifier>*</modifier></type><name>argv</name></decl></parameter>)</parameter_list>;</function_decl>
<function_decl><type><name>int</name></type> <name>cmd__dir_iterator</name><parameter_list>(<parameter><decl><type><name>int</name></type> <name>argc</name></decl></parameter>, <parameter><decl><type><specifier>const</specifier> <name>char</name> <modifier>*</modifier><modifier>*</modifier></type><name>argv</name></decl></parameter>)</parameter_list>;</function_decl>
<function_decl><type><name>int</name></type> <name>cmd__drop_caches</name><parameter_list>(<parameter><decl><type><name>int</name></type> <name>argc</name></decl></parameter>, <parameter><decl><type><specifier>const</specifier> <name>char</name> <modifier>*</modifier><modifier>*</modifier></type><name>argv</name></decl></parameter>)</parameter_list>;</function_decl>
<function_decl><type><name>int</name></type> <name>cmd__dump_cache_tree</name><parameter_list>(<parameter><decl><type><name>int</name></type> <name>argc</name></decl></parameter>, <parameter><decl><type><specifier>const</specifier> <name>char</name> <modifier>*</modifier><modifier>*</modifier></type><name>argv</name></decl></parameter>)</parameter_list>;</function_decl>
<function_decl><type><name>int</name></type> <name>cmd__dump_fsmonitor</name><parameter_list>(<parameter><decl><type><name>int</name></type> <name>argc</name></decl></parameter>, <parameter><decl><type><specifier>const</specifier> <name>char</name> <modifier>*</modifier><modifier>*</modifier></type><name>argv</name></decl></parameter>)</parameter_list>;</function_decl>
<function_decl><type><name>int</name></type> <name>cmd__dump_split_index</name><parameter_list>(<parameter><decl><type><name>int</name></type> <name>argc</name></decl></parameter>, <parameter><decl><type><specifier>const</specifier> <name>char</name> <modifier>*</modifier><modifier>*</modifier></type><name>argv</name></decl></parameter>)</parameter_list>;</function_decl>
<function_decl><type><name>int</name></type> <name>cmd__dump_untracked_cache</name><parameter_list>(<parameter><decl><type><name>int</name></type> <name>argc</name></decl></parameter>, <parameter><decl><type><specifier>const</specifier> <name>char</name> <modifier>*</modifier><modifier>*</modifier></type><name>argv</name></decl></parameter>)</parameter_list>;</function_decl>
<function_decl><type><name>int</name></type> <name>cmd__example_decorate</name><parameter_list>(<parameter><decl><type><name>int</name></type> <name>argc</name></decl></parameter>, <parameter><decl><type><specifier>const</specifier> <name>char</name> <modifier>*</modifier><modifier>*</modifier></type><name>argv</name></decl></parameter>)</parameter_list>;</function_decl>
<function_decl><type><name>int</name></type> <name>cmd__genrandom</name><parameter_list>(<parameter><decl><type><name>int</name></type> <name>argc</name></decl></parameter>, <parameter><decl><type><specifier>const</specifier> <name>char</name> <modifier>*</modifier><modifier>*</modifier></type><name>argv</name></decl></parameter>)</parameter_list>;</function_decl>
<function_decl><type><name>int</name></type> <name>cmd__genzeros</name><parameter_list>(<parameter><decl><type><name>int</name></type> <name>argc</name></decl></parameter>, <parameter><decl><type><specifier>const</specifier> <name>char</name> <modifier>*</modifier><modifier>*</modifier></type><name>argv</name></decl></parameter>)</parameter_list>;</function_decl>
<function_decl><type><name>int</name></type> <name>cmd__hashmap</name><parameter_list>(<parameter><decl><type><name>int</name></type> <name>argc</name></decl></parameter>, <parameter><decl><type><specifier>const</specifier> <name>char</name> <modifier>*</modifier><modifier>*</modifier></type><name>argv</name></decl></parameter>)</parameter_list>;</function_decl>
<function_decl><type><name>int</name></type> <name>cmd__hash_speed</name><parameter_list>(<parameter><decl><type><name>int</name></type> <name>argc</name></decl></parameter>, <parameter><decl><type><specifier>const</specifier> <name>char</name> <modifier>*</modifier><modifier>*</modifier></type><name>argv</name></decl></parameter>)</parameter_list>;</function_decl>
<function_decl><type><name>int</name></type> <name>cmd__index_version</name><parameter_list>(<parameter><decl><type><name>int</name></type> <name>argc</name></decl></parameter>, <parameter><decl><type><specifier>const</specifier> <name>char</name> <modifier>*</modifier><modifier>*</modifier></type><name>argv</name></decl></parameter>)</parameter_list>;</function_decl>
<function_decl><type><name>int</name></type> <name>cmd__json_writer</name><parameter_list>(<parameter><decl><type><name>int</name></type> <name>argc</name></decl></parameter>, <parameter><decl><type><specifier>const</specifier> <name>char</name> <modifier>*</modifier><modifier>*</modifier></type><name>argv</name></decl></parameter>)</parameter_list>;</function_decl>
<function_decl><type><name>int</name></type> <name>cmd__lazy_init_name_hash</name><parameter_list>(<parameter><decl><type><name>int</name></type> <name>argc</name></decl></parameter>, <parameter><decl><type><specifier>const</specifier> <name>char</name> <modifier>*</modifier><modifier>*</modifier></type><name>argv</name></decl></parameter>)</parameter_list>;</function_decl>
<function_decl><type><name>int</name></type> <name>cmd__match_trees</name><parameter_list>(<parameter><decl><type><name>int</name></type> <name>argc</name></decl></parameter>, <parameter><decl><type><specifier>const</specifier> <name>char</name> <modifier>*</modifier><modifier>*</modifier></type><name>argv</name></decl></parameter>)</parameter_list>;</function_decl>
<function_decl><type><name>int</name></type> <name>cmd__mergesort</name><parameter_list>(<parameter><decl><type><name>int</name></type> <name>argc</name></decl></parameter>, <parameter><decl><type><specifier>const</specifier> <name>char</name> <modifier>*</modifier><modifier>*</modifier></type><name>argv</name></decl></parameter>)</parameter_list>;</function_decl>
<function_decl><type><name>int</name></type> <name>cmd__mktemp</name><parameter_list>(<parameter><decl><type><name>int</name></type> <name>argc</name></decl></parameter>, <parameter><decl><type><specifier>const</specifier> <name>char</name> <modifier>*</modifier><modifier>*</modifier></type><name>argv</name></decl></parameter>)</parameter_list>;</function_decl>
<function_decl><type><name>int</name></type> <name>cmd__oidmap</name><parameter_list>(<parameter><decl><type><name>int</name></type> <name>argc</name></decl></parameter>, <parameter><decl><type><specifier>const</specifier> <name>char</name> <modifier>*</modifier><modifier>*</modifier></type><name>argv</name></decl></parameter>)</parameter_list>;</function_decl>
<function_decl><type><name>int</name></type> <name>cmd__online_cpus</name><parameter_list>(<parameter><decl><type><name>int</name></type> <name>argc</name></decl></parameter>, <parameter><decl><type><specifier>const</specifier> <name>char</name> <modifier>*</modifier><modifier>*</modifier></type><name>argv</name></decl></parameter>)</parameter_list>;</function_decl>
<function_decl><type><name>int</name></type> <name>cmd__parse_options</name><parameter_list>(<parameter><decl><type><name>int</name></type> <name>argc</name></decl></parameter>, <parameter><decl><type><specifier>const</specifier> <name>char</name> <modifier>*</modifier><modifier>*</modifier></type><name>argv</name></decl></parameter>)</parameter_list>;</function_decl>
<function_decl><type><name>int</name></type> <name>cmd__parse_pathspec_file</name><parameter_list>(<parameter><decl><type><name>int</name></type> <name>argc</name></decl></parameter>, <parameter><decl><type><specifier>const</specifier> <name>char</name><modifier>*</modifier><modifier>*</modifier></type> <name>argv</name></decl></parameter>)</parameter_list>;</function_decl>
<function_decl><type><name>int</name></type> <name>cmd__path_utils</name><parameter_list>(<parameter><decl><type><name>int</name></type> <name>argc</name></decl></parameter>, <parameter><decl><type><specifier>const</specifier> <name>char</name> <modifier>*</modifier><modifier>*</modifier></type><name>argv</name></decl></parameter>)</parameter_list>;</function_decl>
<function_decl><type><name>int</name></type> <name>cmd__pkt_line</name><parameter_list>(<parameter><decl><type><name>int</name></type> <name>argc</name></decl></parameter>, <parameter><decl><type><specifier>const</specifier> <name>char</name> <modifier>*</modifier><modifier>*</modifier></type><name>argv</name></decl></parameter>)</parameter_list>;</function_decl>
<function_decl><type><name>int</name></type> <name>cmd__prio_queue</name><parameter_list>(<parameter><decl><type><name>int</name></type> <name>argc</name></decl></parameter>, <parameter><decl><type><specifier>const</specifier> <name>char</name> <modifier>*</modifier><modifier>*</modifier></type><name>argv</name></decl></parameter>)</parameter_list>;</function_decl>
<function_decl><type><name>int</name></type> <name>cmd__progress</name><parameter_list>(<parameter><decl><type><name>int</name></type> <name>argc</name></decl></parameter>, <parameter><decl><type><specifier>const</specifier> <name>char</name> <modifier>*</modifier><modifier>*</modifier></type><name>argv</name></decl></parameter>)</parameter_list>;</function_decl>
<function_decl><type><name>int</name></type> <name>cmd__reach</name><parameter_list>(<parameter><decl><type><name>int</name></type> <name>argc</name></decl></parameter>, <parameter><decl><type><specifier>const</specifier> <name>char</name> <modifier>*</modifier><modifier>*</modifier></type><name>argv</name></decl></parameter>)</parameter_list>;</function_decl>
<function_decl><type><name>int</name></type> <name>cmd__read_cache</name><parameter_list>(<parameter><decl><type><name>int</name></type> <name>argc</name></decl></parameter>, <parameter><decl><type><specifier>const</specifier> <name>char</name> <modifier>*</modifier><modifier>*</modifier></type><name>argv</name></decl></parameter>)</parameter_list>;</function_decl>
<function_decl><type><name>int</name></type> <name>cmd__read_graph</name><parameter_list>(<parameter><decl><type><name>int</name></type> <name>argc</name></decl></parameter>, <parameter><decl><type><specifier>const</specifier> <name>char</name> <modifier>*</modifier><modifier>*</modifier></type><name>argv</name></decl></parameter>)</parameter_list>;</function_decl>
<function_decl><type><name>int</name></type> <name>cmd__read_midx</name><parameter_list>(<parameter><decl><type><name>int</name></type> <name>argc</name></decl></parameter>, <parameter><decl><type><specifier>const</specifier> <name>char</name> <modifier>*</modifier><modifier>*</modifier></type><name>argv</name></decl></parameter>)</parameter_list>;</function_decl>
<function_decl><type><name>int</name></type> <name>cmd__ref_store</name><parameter_list>(<parameter><decl><type><name>int</name></type> <name>argc</name></decl></parameter>, <parameter><decl><type><specifier>const</specifier> <name>char</name> <modifier>*</modifier><modifier>*</modifier></type><name>argv</name></decl></parameter>)</parameter_list>;</function_decl>
<function_decl><type><name>int</name></type> <name>cmd__regex</name><parameter_list>(<parameter><decl><type><name>int</name></type> <name>argc</name></decl></parameter>, <parameter><decl><type><specifier>const</specifier> <name>char</name> <modifier>*</modifier><modifier>*</modifier></type><name>argv</name></decl></parameter>)</parameter_list>;</function_decl>
<function_decl><type><name>int</name></type> <name>cmd__repository</name><parameter_list>(<parameter><decl><type><name>int</name></type> <name>argc</name></decl></parameter>, <parameter><decl><type><specifier>const</specifier> <name>char</name> <modifier>*</modifier><modifier>*</modifier></type><name>argv</name></decl></parameter>)</parameter_list>;</function_decl>
<function_decl><type><name>int</name></type> <name>cmd__revision_walking</name><parameter_list>(<parameter><decl><type><name>int</name></type> <name>argc</name></decl></parameter>, <parameter><decl><type><specifier>const</specifier> <name>char</name> <modifier>*</modifier><modifier>*</modifier></type><name>argv</name></decl></parameter>)</parameter_list>;</function_decl>
<function_decl><type><name>int</name></type> <name>cmd__run_command</name><parameter_list>(<parameter><decl><type><name>int</name></type> <name>argc</name></decl></parameter>, <parameter><decl><type><specifier>const</specifier> <name>char</name> <modifier>*</modifier><modifier>*</modifier></type><name>argv</name></decl></parameter>)</parameter_list>;</function_decl>
<function_decl><type><name>int</name></type> <name>cmd__scrap_cache_tree</name><parameter_list>(<parameter><decl><type><name>int</name></type> <name>argc</name></decl></parameter>, <parameter><decl><type><specifier>const</specifier> <name>char</name> <modifier>*</modifier><modifier>*</modifier></type><name>argv</name></decl></parameter>)</parameter_list>;</function_decl>
<function_decl><type><name>int</name></type> <name>cmd__serve_v2</name><parameter_list>(<parameter><decl><type><name>int</name></type> <name>argc</name></decl></parameter>, <parameter><decl><type><specifier>const</specifier> <name>char</name> <modifier>*</modifier><modifier>*</modifier></type><name>argv</name></decl></parameter>)</parameter_list>;</function_decl>
<function_decl><type><name>int</name></type> <name>cmd__sha1</name><parameter_list>(<parameter><decl><type><name>int</name></type> <name>argc</name></decl></parameter>, <parameter><decl><type><specifier>const</specifier> <name>char</name> <modifier>*</modifier><modifier>*</modifier></type><name>argv</name></decl></parameter>)</parameter_list>;</function_decl>
<function_decl><type><name>int</name></type> <name>cmd__sha1_array</name><parameter_list>(<parameter><decl><type><name>int</name></type> <name>argc</name></decl></parameter>, <parameter><decl><type><specifier>const</specifier> <name>char</name> <modifier>*</modifier><modifier>*</modifier></type><name>argv</name></decl></parameter>)</parameter_list>;</function_decl>
<function_decl><type><name>int</name></type> <name>cmd__sha256</name><parameter_list>(<parameter><decl><type><name>int</name></type> <name>argc</name></decl></parameter>, <parameter><decl><type><specifier>const</specifier> <name>char</name> <modifier>*</modifier><modifier>*</modifier></type><name>argv</name></decl></parameter>)</parameter_list>;</function_decl>
<function_decl><type><name>int</name></type> <name>cmd__sigchain</name><parameter_list>(<parameter><decl><type><name>int</name></type> <name>argc</name></decl></parameter>, <parameter><decl><type><specifier>const</specifier> <name>char</name> <modifier>*</modifier><modifier>*</modifier></type><name>argv</name></decl></parameter>)</parameter_list>;</function_decl>
<function_decl><type><name>int</name></type> <name>cmd__strcmp_offset</name><parameter_list>(<parameter><decl><type><name>int</name></type> <name>argc</name></decl></parameter>, <parameter><decl><type><specifier>const</specifier> <name>char</name> <modifier>*</modifier><modifier>*</modifier></type><name>argv</name></decl></parameter>)</parameter_list>;</function_decl>
<function_decl><type><name>int</name></type> <name>cmd__string_list</name><parameter_list>(<parameter><decl><type><name>int</name></type> <name>argc</name></decl></parameter>, <parameter><decl><type><specifier>const</specifier> <name>char</name> <modifier>*</modifier><modifier>*</modifier></type><name>argv</name></decl></parameter>)</parameter_list>;</function_decl>
<function_decl><type><name>int</name></type> <name>cmd__submodule_config</name><parameter_list>(<parameter><decl><type><name>int</name></type> <name>argc</name></decl></parameter>, <parameter><decl><type><specifier>const</specifier> <name>char</name> <modifier>*</modifier><modifier>*</modifier></type><name>argv</name></decl></parameter>)</parameter_list>;</function_decl>
<function_decl><type><name>int</name></type> <name>cmd__submodule_nested_repo_config</name><parameter_list>(<parameter><decl><type><name>int</name></type> <name>argc</name></decl></parameter>, <parameter><decl><type><specifier>const</specifier> <name>char</name> <modifier>*</modifier><modifier>*</modifier></type><name>argv</name></decl></parameter>)</parameter_list>;</function_decl>
<function_decl><type><name>int</name></type> <name>cmd__subprocess</name><parameter_list>(<parameter><decl><type><name>int</name></type> <name>argc</name></decl></parameter>, <parameter><decl><type><specifier>const</specifier> <name>char</name> <modifier>*</modifier><modifier>*</modifier></type><name>argv</name></decl></parameter>)</parameter_list>;</function_decl>
<function_decl><type><name>int</name></type> <name>cmd__trace2</name><parameter_list>(<parameter><decl><type><name>int</name></type> <name>argc</name></decl></parameter>, <parameter><decl><type><specifier>const</specifier> <name>char</name> <modifier>*</modifier><modifier>*</modifier></type><name>argv</name></decl></parameter>)</parameter_list>;</function_decl>
<function_decl><type><name>int</name></type> <name>cmd__urlmatch_normalization</name><parameter_list>(<parameter><decl><type><name>int</name></type> <name>argc</name></decl></parameter>, <parameter><decl><type><specifier>const</specifier> <name>char</name> <modifier>*</modifier><modifier>*</modifier></type><name>argv</name></decl></parameter>)</parameter_list>;</function_decl>
<function_decl><type><name>int</name></type> <name>cmd__xml_encode</name><parameter_list>(<parameter><decl><type><name>int</name></type> <name>argc</name></decl></parameter>, <parameter><decl><type><specifier>const</specifier> <name>char</name> <modifier>*</modifier><modifier>*</modifier></type><name>argv</name></decl></parameter>)</parameter_list>;</function_decl>
<function_decl><type><name>int</name></type> <name>cmd__wildmatch</name><parameter_list>(<parameter><decl><type><name>int</name></type> <name>argc</name></decl></parameter>, <parameter><decl><type><specifier>const</specifier> <name>char</name> <modifier>*</modifier><modifier>*</modifier></type><name>argv</name></decl></parameter>)</parameter_list>;</function_decl>
<cpp:if>#<cpp:directive>if</cpp:directive> <expr><call><name>defined</name><argument_list>(<argument><expr><name>GIT_WINDOWS_NATIVE</name></expr></argument>)</argument_list></call></expr></cpp:if>
<function_decl><type><name>int</name></type> <name>cmd__windows_named_pipe</name><parameter_list>(<parameter><decl><type><name>int</name></type> <name>argc</name></decl></parameter>, <parameter><decl><type><specifier>const</specifier> <name>char</name> <modifier>*</modifier><modifier>*</modifier></type><name>argv</name></decl></parameter>)</parameter_list>;</function_decl>
<cpp:endif>#<cpp:directive>endif</cpp:directive></cpp:endif>
<function_decl><type><name>int</name></type> <name>cmd__write_cache</name><parameter_list>(<parameter><decl><type><name>int</name></type> <name>argc</name></decl></parameter>, <parameter><decl><type><specifier>const</specifier> <name>char</name> <modifier>*</modifier><modifier>*</modifier></type><name>argv</name></decl></parameter>)</parameter_list>;</function_decl>

<function_decl><type><name>int</name></type> <name>cmd_hash_impl</name><parameter_list>(<parameter><decl><type><name>int</name></type> <name>ac</name></decl></parameter>, <parameter><decl><type><specifier>const</specifier> <name>char</name> <modifier>*</modifier><modifier>*</modifier></type><name>av</name></decl></parameter>, <parameter><decl><type><name>int</name></type> <name>algo</name></decl></parameter>)</parameter_list>;</function_decl>

<cpp:endif>#<cpp:directive>endif</cpp:directive></cpp:endif>
</unit>
