<?xml version="1.0" encoding="UTF-8" standalone="yes"?>
<unit xmlns="http://www.srcML.org/srcML/src" xmlns:cpp="http://www.srcML.org/srcML/cpp" revision="1.0.0" language="C" filename="D:\Pesquisa\Projects\git-analysis\_cppstats_featurelocations\git\t\helper\test-subprocess.c"><cpp:include>#<cpp:directive>include</cpp:directive> <cpp:file>"test-tool.h"</cpp:file></cpp:include>
<cpp:include>#<cpp:directive>include</cpp:directive> <cpp:file>"cache.h"</cpp:file></cpp:include>
<cpp:include>#<cpp:directive>include</cpp:directive> <cpp:file>"run-command.h"</cpp:file></cpp:include>

<function><type><name>int</name></type> <name>cmd__subprocess</name><parameter_list>(<parameter><decl><type><name>int</name></type> <name>argc</name></decl></parameter>, <parameter><decl><type><specifier>const</specifier> <name>char</name> <modifier>*</modifier><modifier>*</modifier></type><name>argv</name></decl></parameter>)</parameter_list>
<block>{<block_content>
<decl_stmt><decl><type><name><name>struct</name> <name>child_process</name></name></type> <name>cp</name> <init>= <expr><name>CHILD_PROCESS_INIT</name></expr></init></decl>;</decl_stmt>
<decl_stmt><decl><type><name>int</name></type> <name>nogit</name> <init>= <expr><literal type="number">0</literal></expr></init></decl>;</decl_stmt>

<expr_stmt><expr><call><name>setup_git_directory_gently</name><argument_list>(<argument><expr><operator>&amp;</operator><name>nogit</name></expr></argument>)</argument_list></call></expr>;</expr_stmt>
<if_stmt><if>if <condition>(<expr><name>nogit</name></expr>)</condition><block type="pseudo"><block_content>
<expr_stmt><expr><call><name>die</name><argument_list>(<argument><expr><literal type="string">"No git repo found"</literal></expr></argument>)</argument_list></call></expr>;</expr_stmt></block_content></block></if></if_stmt>
<if_stmt><if>if <condition>(<expr><name>argc</name> <operator>&gt;</operator> <literal type="number">1</literal> <operator>&amp;&amp;</operator> <operator>!</operator><call><name>strcmp</name><argument_list>(<argument><expr><name><name>argv</name><index>[<expr><literal type="number">1</literal></expr>]</index></name></expr></argument>, <argument><expr><literal type="string">"--setup-work-tree"</literal></expr></argument>)</argument_list></call></expr>)</condition> <block>{<block_content>
<expr_stmt><expr><call><name>setup_work_tree</name><argument_list>()</argument_list></call></expr>;</expr_stmt>
<expr_stmt><expr><name>argv</name><operator>++</operator></expr>;</expr_stmt>
</block_content>}</block></if></if_stmt>
<expr_stmt><expr><name><name>cp</name><operator>.</operator><name>git_cmd</name></name> <operator>=</operator> <literal type="number">1</literal></expr>;</expr_stmt>
<expr_stmt><expr><name><name>cp</name><operator>.</operator><name>argv</name></name> <operator>=</operator> <operator>(</operator><specifier>const</specifier> <name>char</name> <operator>*</operator><operator>*</operator><operator>)</operator><name>argv</name> <operator>+</operator> <literal type="number">1</literal></expr>;</expr_stmt>
<return>return <expr><call><name>run_command</name><argument_list>(<argument><expr><operator>&amp;</operator><name>cp</name></expr></argument>)</argument_list></call></expr>;</return>
</block_content>}</block></function>
</unit>
